
*** Running vivado
    with args -log design_1_auto_us_df_0.vds -m64 -product Vivado -mode batch -messageDb vivado.pb -notrace -source design_1_auto_us_df_0.tcl


****** Vivado v2022.2 (64-bit)
  **** SW Build 3671981 on Fri Oct 14 04:59:54 MDT 2022
  **** IP Build 3669848 on Fri Oct 14 08:30:02 MDT 2022
    ** Copyright 1986-2022 Xilinx, Inc. All Rights Reserved.

source design_1_auto_us_df_0.tcl -notrace
INFO: Dispatch client connection id - 44115
create_project: Time (s): cpu = 00:00:07 ; elapsed = 00:00:09 . Memory (MB): peak = 1751.508 ; gain = 86.961 ; free physical = 7953 ; free virtual = 20116
INFO: [IP_Flow 19-234] Refreshing IP repositories
INFO: [IP_Flow 19-1700] Loaded user IP repository '/media/logictronix/ML_WORKSPACE/Abhidan/Platforms/Workspace/zcu102_dpu_vitis/dpu_system_system_hw_link/Hardware/dpu.build/link/int/xo/ip_repo/xilinx_com_RTLKernel_sfm_xrt_top_1_0'.
INFO: [IP_Flow 19-1700] Loaded user IP repository '/media/logictronix/ML_WORKSPACE/Abhidan/Platforms/Workspace/zcu102_dpu_vitis/dpu_system_system_hw_link/Hardware/dpu.build/link/int/xo/ip_repo/xilinx_com_RTLKernel_DPUCZDX8G_1_0'.
INFO: [IP_Flow 19-1700] Loaded user IP repository '/media/logictronix/ML_WORKSPACE/Abhidan/Platforms/Workspace/zcu102_dpu_vitis/dpu_system_system_hw_link/Hardware/dpu.build/link/vivado/vpl/.local/hw_platform/ipcache'.
INFO: [IP_Flow 19-1700] Loaded user IP repository '/media/logictronix/ML_WORKSPACE/Xilinx/Vitis/2022.2/data/ip'.
INFO: [IP_Flow 19-2313] Loaded Vivado IP repository '/media/logictronix/ML_WORKSPACE/Xilinx/Vivado/2022.2/data/ip'.
INFO: [IP_Flow 19-6924] IPCACHE: Running cache check for IP inst: design_1_auto_us_df_0
Command: synth_design -top design_1_auto_us_df_0 -part xczu9eg-ffvb1156-2-e -incremental_mode off -mode out_of_context
Starting synth_design
Attempting to get a license for feature 'Synthesis' and/or device 'xczu9eg'
INFO: [Common 17-349] Got license for feature 'Synthesis' and/or device 'xczu9eg'
INFO: [Device 21-403] Loading part xczu9eg-ffvb1156-2-e
INFO: [Synth 8-7079] Multithreading enabled for synth_design using a maximum of 1 processes.
INFO: [Synth 8-7078] Launching helper process for spawning children vivado processes
INFO: [Synth 8-7075] Helper process launched with PID 11161
INFO: [Synth 8-11241] undeclared symbol 'REGCCE', assumed default net type 'wire' [/media/logictronix/ML_WORKSPACE/Xilinx/Vivado/2022.2/data/verilog/src/unimacro/BRAM_SINGLE_MACRO.v:2170]
---------------------------------------------------------------------------------
Starting RTL Elaboration : Time (s): cpu = 00:00:07 ; elapsed = 00:00:09 . Memory (MB): peak = 2963.867 ; gain = 242.797 ; free physical = 452 ; free virtual = 12652
Synthesis current peak Physical Memory [PSS] (MB): peak = 2164.009; parent = 2026.976; children = 137.033
Synthesis current peak Virtual Memory [VSS] (MB): peak = 4001.098; parent = 2975.777; children = 1025.320
---------------------------------------------------------------------------------
INFO: [Synth 8-6157] synthesizing module 'design_1_auto_us_df_0' [/media/logictronix/ML_WORKSPACE/Abhidan/Platforms/Workspace/zcu102_dpu_vitis/dpu_system_system_hw_link/Hardware/dpu.build/link/vivado/vpl/prj/prj.gen/sources_1/bd/design_1/ip/design_1_auto_us_df_0/synth/design_1_auto_us_df_0.v:53]
INFO: [Synth 8-6157] synthesizing module 'axi_dwidth_converter_v2_1_27_top' [/media/logictronix/ML_WORKSPACE/Abhidan/Platforms/Workspace/zcu102_dpu_vitis/dpu_system_system_hw_link/Hardware/dpu.build/link/vivado/vpl/prj/prj.gen/sources_1/bd/design_1/ipshared/4675/hdl/axi_dwidth_converter_v2_1_vlsyn_rfs.v:14461]
INFO: [Synth 8-6157] synthesizing module 'axi_dwidth_converter_v2_1_27_axi_upsizer' [/media/logictronix/ML_WORKSPACE/Abhidan/Platforms/Workspace/zcu102_dpu_vitis/dpu_system_system_hw_link/Hardware/dpu.build/link/vivado/vpl/prj/prj.gen/sources_1/bd/design_1/ipshared/4675/hdl/axi_dwidth_converter_v2_1_vlsyn_rfs.v:7037]
INFO: [Synth 8-6157] synthesizing module 'axi_dwidth_converter_v2_1_27_w_upsizer_pktfifo' [/media/logictronix/ML_WORKSPACE/Abhidan/Platforms/Workspace/zcu102_dpu_vitis/dpu_system_system_hw_link/Hardware/dpu.build/link/vivado/vpl/prj/prj.gen/sources_1/bd/design_1/ipshared/4675/hdl/axi_dwidth_converter_v2_1_vlsyn_rfs.v:8666]
INFO: [Synth 8-155] case statement is not full and has no default [/media/logictronix/ML_WORKSPACE/Abhidan/Platforms/Workspace/zcu102_dpu_vitis/dpu_system_system_hw_link/Hardware/dpu.build/link/vivado/vpl/prj/prj.gen/sources_1/bd/design_1/ipshared/4675/hdl/axi_dwidth_converter_v2_1_vlsyn_rfs.v:9030]
INFO: [Synth 8-155] case statement is not full and has no default [/media/logictronix/ML_WORKSPACE/Abhidan/Platforms/Workspace/zcu102_dpu_vitis/dpu_system_system_hw_link/Hardware/dpu.build/link/vivado/vpl/prj/prj.gen/sources_1/bd/design_1/ipshared/4675/hdl/axi_dwidth_converter_v2_1_vlsyn_rfs.v:9067]
INFO: [Synth 8-226] default block is never used [/media/logictronix/ML_WORKSPACE/Abhidan/Platforms/Workspace/zcu102_dpu_vitis/dpu_system_system_hw_link/Hardware/dpu.build/link/vivado/vpl/prj/prj.gen/sources_1/bd/design_1/ipshared/4675/hdl/axi_dwidth_converter_v2_1_vlsyn_rfs.v:9865]
WARNING: [Synth 8-7071] port 'deepsleep' of module 'blk_mem_gen_v8_4_5' is unconnected for instance 'w_buffer' [/media/logictronix/ML_WORKSPACE/Abhidan/Platforms/Workspace/zcu102_dpu_vitis/dpu_system_system_hw_link/Hardware/dpu.build/link/vivado/vpl/prj/prj.gen/sources_1/bd/design_1/ipshared/4675/hdl/axi_dwidth_converter_v2_1_vlsyn_rfs.v:10152]
WARNING: [Synth 8-7071] port 'shutdown' of module 'blk_mem_gen_v8_4_5' is unconnected for instance 'w_buffer' [/media/logictronix/ML_WORKSPACE/Abhidan/Platforms/Workspace/zcu102_dpu_vitis/dpu_system_system_hw_link/Hardware/dpu.build/link/vivado/vpl/prj/prj.gen/sources_1/bd/design_1/ipshared/4675/hdl/axi_dwidth_converter_v2_1_vlsyn_rfs.v:10152]
WARNING: [Synth 8-7071] port 'rsta_busy' of module 'blk_mem_gen_v8_4_5' is unconnected for instance 'w_buffer' [/media/logictronix/ML_WORKSPACE/Abhidan/Platforms/Workspace/zcu102_dpu_vitis/dpu_system_system_hw_link/Hardware/dpu.build/link/vivado/vpl/prj/prj.gen/sources_1/bd/design_1/ipshared/4675/hdl/axi_dwidth_converter_v2_1_vlsyn_rfs.v:10152]
WARNING: [Synth 8-7071] port 'rstb_busy' of module 'blk_mem_gen_v8_4_5' is unconnected for instance 'w_buffer' [/media/logictronix/ML_WORKSPACE/Abhidan/Platforms/Workspace/zcu102_dpu_vitis/dpu_system_system_hw_link/Hardware/dpu.build/link/vivado/vpl/prj/prj.gen/sources_1/bd/design_1/ipshared/4675/hdl/axi_dwidth_converter_v2_1_vlsyn_rfs.v:10152]
WARNING: [Synth 8-7023] instance 'w_buffer' of module 'blk_mem_gen_v8_4_5' has 63 connections declared, but only 59 given [/media/logictronix/ML_WORKSPACE/Abhidan/Platforms/Workspace/zcu102_dpu_vitis/dpu_system_system_hw_link/Hardware/dpu.build/link/vivado/vpl/prj/prj.gen/sources_1/bd/design_1/ipshared/4675/hdl/axi_dwidth_converter_v2_1_vlsyn_rfs.v:10152]
INFO: [Synth 8-6157] synthesizing module 'xpm_cdc_async_rst' [/media/logictronix/ML_WORKSPACE/Xilinx/Vivado/2022.2/data/ip/xpm/xpm_cdc/hdl/xpm_cdc.sv:1174]
INFO: [Synth 8-6155] done synthesizing module 'xpm_cdc_async_rst' (0#1) [/media/logictronix/ML_WORKSPACE/Xilinx/Vivado/2022.2/data/ip/xpm/xpm_cdc/hdl/xpm_cdc.sv:1174]
INFO: [Synth 8-6157] synthesizing module 'axi_register_slice_v2_1_27_axi_register_slice' [/media/logictronix/ML_WORKSPACE/Abhidan/Platforms/Workspace/zcu102_dpu_vitis/dpu_system_system_hw_link/Hardware/dpu.build/link/vivado/vpl/prj/prj.gen/sources_1/bd/design_1/ipshared/f0b4/hdl/axi_register_slice_v2_1_vl_rfs.v:3725]
INFO: [Synth 8-6157] synthesizing module 'axi_infrastructure_v1_1_0_axi2vector' [/media/logictronix/ML_WORKSPACE/Abhidan/Platforms/Workspace/zcu102_dpu_vitis/dpu_system_system_hw_link/Hardware/dpu.build/link/vivado/vpl/prj/prj.gen/sources_1/bd/design_1/ipshared/ec67/hdl/axi_infrastructure_v1_1_vl_rfs.v:59]
INFO: [Synth 8-6155] done synthesizing module 'axi_infrastructure_v1_1_0_axi2vector' (0#1) [/media/logictronix/ML_WORKSPACE/Abhidan/Platforms/Workspace/zcu102_dpu_vitis/dpu_system_system_hw_link/Hardware/dpu.build/link/vivado/vpl/prj/prj.gen/sources_1/bd/design_1/ipshared/ec67/hdl/axi_infrastructure_v1_1_vl_rfs.v:59]
INFO: [Synth 8-6157] synthesizing module 'axi_infrastructure_v1_1_0_vector2axi' [/media/logictronix/ML_WORKSPACE/Abhidan/Platforms/Workspace/zcu102_dpu_vitis/dpu_system_system_hw_link/Hardware/dpu.build/link/vivado/vpl/prj/prj.gen/sources_1/bd/design_1/ipshared/ec67/hdl/axi_infrastructure_v1_1_vl_rfs.v:473]
INFO: [Synth 8-6155] done synthesizing module 'axi_infrastructure_v1_1_0_vector2axi' (0#1) [/media/logictronix/ML_WORKSPACE/Abhidan/Platforms/Workspace/zcu102_dpu_vitis/dpu_system_system_hw_link/Hardware/dpu.build/link/vivado/vpl/prj/prj.gen/sources_1/bd/design_1/ipshared/ec67/hdl/axi_infrastructure_v1_1_vl_rfs.v:473]
INFO: [Synth 8-6157] synthesizing module 'axi_register_slice_v2_1_27_axic_register_slice' [/media/logictronix/ML_WORKSPACE/Abhidan/Platforms/Workspace/zcu102_dpu_vitis/dpu_system_system_hw_link/Hardware/dpu.build/link/vivado/vpl/prj/prj.gen/sources_1/bd/design_1/ipshared/f0b4/hdl/axi_register_slice_v2_1_vl_rfs.v:1497]
INFO: [Synth 8-6155] done synthesizing module 'axi_register_slice_v2_1_27_axic_register_slice' (0#1) [/media/logictronix/ML_WORKSPACE/Abhidan/Platforms/Workspace/zcu102_dpu_vitis/dpu_system_system_hw_link/Hardware/dpu.build/link/vivado/vpl/prj/prj.gen/sources_1/bd/design_1/ipshared/f0b4/hdl/axi_register_slice_v2_1_vl_rfs.v:1497]
INFO: [Synth 8-6157] synthesizing module 'axi_register_slice_v2_1_27_axic_register_slice__parameterized0' [/media/logictronix/ML_WORKSPACE/Abhidan/Platforms/Workspace/zcu102_dpu_vitis/dpu_system_system_hw_link/Hardware/dpu.build/link/vivado/vpl/prj/prj.gen/sources_1/bd/design_1/ipshared/f0b4/hdl/axi_register_slice_v2_1_vl_rfs.v:1497]
INFO: [Synth 8-6155] done synthesizing module 'axi_register_slice_v2_1_27_axic_register_slice__parameterized0' (0#1) [/media/logictronix/ML_WORKSPACE/Abhidan/Platforms/Workspace/zcu102_dpu_vitis/dpu_system_system_hw_link/Hardware/dpu.build/link/vivado/vpl/prj/prj.gen/sources_1/bd/design_1/ipshared/f0b4/hdl/axi_register_slice_v2_1_vl_rfs.v:1497]
INFO: [Synth 8-6157] synthesizing module 'axi_register_slice_v2_1_27_axic_register_slice__parameterized1' [/media/logictronix/ML_WORKSPACE/Abhidan/Platforms/Workspace/zcu102_dpu_vitis/dpu_system_system_hw_link/Hardware/dpu.build/link/vivado/vpl/prj/prj.gen/sources_1/bd/design_1/ipshared/f0b4/hdl/axi_register_slice_v2_1_vl_rfs.v:1497]
INFO: [Synth 8-6155] done synthesizing module 'axi_register_slice_v2_1_27_axic_register_slice__parameterized1' (0#1) [/media/logictronix/ML_WORKSPACE/Abhidan/Platforms/Workspace/zcu102_dpu_vitis/dpu_system_system_hw_link/Hardware/dpu.build/link/vivado/vpl/prj/prj.gen/sources_1/bd/design_1/ipshared/f0b4/hdl/axi_register_slice_v2_1_vl_rfs.v:1497]
INFO: [Synth 8-6157] synthesizing module 'axi_register_slice_v2_1_27_axic_register_slice__parameterized2' [/media/logictronix/ML_WORKSPACE/Abhidan/Platforms/Workspace/zcu102_dpu_vitis/dpu_system_system_hw_link/Hardware/dpu.build/link/vivado/vpl/prj/prj.gen/sources_1/bd/design_1/ipshared/f0b4/hdl/axi_register_slice_v2_1_vl_rfs.v:1497]
INFO: [Synth 8-6155] done synthesizing module 'axi_register_slice_v2_1_27_axic_register_slice__parameterized2' (0#1) [/media/logictronix/ML_WORKSPACE/Abhidan/Platforms/Workspace/zcu102_dpu_vitis/dpu_system_system_hw_link/Hardware/dpu.build/link/vivado/vpl/prj/prj.gen/sources_1/bd/design_1/ipshared/f0b4/hdl/axi_register_slice_v2_1_vl_rfs.v:1497]
INFO: [Synth 8-6157] synthesizing module 'axi_register_slice_v2_1_27_axic_register_slice__parameterized3' [/media/logictronix/ML_WORKSPACE/Abhidan/Platforms/Workspace/zcu102_dpu_vitis/dpu_system_system_hw_link/Hardware/dpu.build/link/vivado/vpl/prj/prj.gen/sources_1/bd/design_1/ipshared/f0b4/hdl/axi_register_slice_v2_1_vl_rfs.v:1497]
INFO: [Synth 8-6155] done synthesizing module 'axi_register_slice_v2_1_27_axic_register_slice__parameterized3' (0#1) [/media/logictronix/ML_WORKSPACE/Abhidan/Platforms/Workspace/zcu102_dpu_vitis/dpu_system_system_hw_link/Hardware/dpu.build/link/vivado/vpl/prj/prj.gen/sources_1/bd/design_1/ipshared/f0b4/hdl/axi_register_slice_v2_1_vl_rfs.v:1497]
INFO: [Synth 8-6155] done synthesizing module 'axi_register_slice_v2_1_27_axi_register_slice' (0#1) [/media/logictronix/ML_WORKSPACE/Abhidan/Platforms/Workspace/zcu102_dpu_vitis/dpu_system_system_hw_link/Hardware/dpu.build/link/vivado/vpl/prj/prj.gen/sources_1/bd/design_1/ipshared/f0b4/hdl/axi_register_slice_v2_1_vl_rfs.v:3725]
WARNING: [Synth 8-7071] port 'aclk2x' of module 'axi_register_slice_v2_1_27_axi_register_slice' is unconnected for instance 's_aw_reg' [/media/logictronix/ML_WORKSPACE/Abhidan/Platforms/Workspace/zcu102_dpu_vitis/dpu_system_system_hw_link/Hardware/dpu.build/link/vivado/vpl/prj/prj.gen/sources_1/bd/design_1/ipshared/4675/hdl/axi_dwidth_converter_v2_1_vlsyn_rfs.v:10660]
WARNING: [Synth 8-7023] instance 's_aw_reg' of module 'axi_register_slice_v2_1_27_axi_register_slice' has 93 connections declared, but only 92 given [/media/logictronix/ML_WORKSPACE/Abhidan/Platforms/Workspace/zcu102_dpu_vitis/dpu_system_system_hw_link/Hardware/dpu.build/link/vivado/vpl/prj/prj.gen/sources_1/bd/design_1/ipshared/4675/hdl/axi_dwidth_converter_v2_1_vlsyn_rfs.v:10660]
INFO: [Synth 8-6155] done synthesizing module 'axi_dwidth_converter_v2_1_27_w_upsizer_pktfifo' (0#1) [/media/logictronix/ML_WORKSPACE/Abhidan/Platforms/Workspace/zcu102_dpu_vitis/dpu_system_system_hw_link/Hardware/dpu.build/link/vivado/vpl/prj/prj.gen/sources_1/bd/design_1/ipshared/4675/hdl/axi_dwidth_converter_v2_1_vlsyn_rfs.v:8666]
INFO: [Synth 8-6157] synthesizing module 'axi_dwidth_converter_v2_1_27_a_upsizer' [/media/logictronix/ML_WORKSPACE/Abhidan/Platforms/Workspace/zcu102_dpu_vitis/dpu_system_system_hw_link/Hardware/dpu.build/link/vivado/vpl/prj/prj.gen/sources_1/bd/design_1/ipshared/4675/hdl/axi_dwidth_converter_v2_1_vlsyn_rfs.v:3602]
INFO: [Synth 8-6155] done synthesizing module 'axi_dwidth_converter_v2_1_27_a_upsizer' (0#1) [/media/logictronix/ML_WORKSPACE/Abhidan/Platforms/Workspace/zcu102_dpu_vitis/dpu_system_system_hw_link/Hardware/dpu.build/link/vivado/vpl/prj/prj.gen/sources_1/bd/design_1/ipshared/4675/hdl/axi_dwidth_converter_v2_1_vlsyn_rfs.v:3602]
INFO: [Synth 8-6157] synthesizing module 'axi_dwidth_converter_v2_1_27_r_upsizer_pktfifo' [/media/logictronix/ML_WORKSPACE/Abhidan/Platforms/Workspace/zcu102_dpu_vitis/dpu_system_system_hw_link/Hardware/dpu.build/link/vivado/vpl/prj/prj.gen/sources_1/bd/design_1/ipshared/4675/hdl/axi_dwidth_converter_v2_1_vlsyn_rfs.v:11247]
INFO: [Synth 8-6157] synthesizing module 'RAMB18E1' [/media/logictronix/ML_WORKSPACE/Xilinx/Vivado/2022.2/scripts/rt/data/unisim_comp.v:128498]
INFO: [Synth 8-6155] done synthesizing module 'RAMB18E1' (0#1) [/media/logictronix/ML_WORKSPACE/Xilinx/Vivado/2022.2/scripts/rt/data/unisim_comp.v:128498]
INFO: [Synth 8-155] case statement is not full and has no default [/media/logictronix/ML_WORKSPACE/Abhidan/Platforms/Workspace/zcu102_dpu_vitis/dpu_system_system_hw_link/Hardware/dpu.build/link/vivado/vpl/prj/prj.gen/sources_1/bd/design_1/ipshared/4675/hdl/axi_dwidth_converter_v2_1_vlsyn_rfs.v:11746]
INFO: [Synth 8-155] case statement is not full and has no default [/media/logictronix/ML_WORKSPACE/Abhidan/Platforms/Workspace/zcu102_dpu_vitis/dpu_system_system_hw_link/Hardware/dpu.build/link/vivado/vpl/prj/prj.gen/sources_1/bd/design_1/ipshared/4675/hdl/axi_dwidth_converter_v2_1_vlsyn_rfs.v:11906]
INFO: [Synth 8-155] case statement is not full and has no default [/media/logictronix/ML_WORKSPACE/Abhidan/Platforms/Workspace/zcu102_dpu_vitis/dpu_system_system_hw_link/Hardware/dpu.build/link/vivado/vpl/prj/prj.gen/sources_1/bd/design_1/ipshared/4675/hdl/axi_dwidth_converter_v2_1_vlsyn_rfs.v:12104]
INFO: [Synth 8-155] case statement is not full and has no default [/media/logictronix/ML_WORKSPACE/Abhidan/Platforms/Workspace/zcu102_dpu_vitis/dpu_system_system_hw_link/Hardware/dpu.build/link/vivado/vpl/prj/prj.gen/sources_1/bd/design_1/ipshared/4675/hdl/axi_dwidth_converter_v2_1_vlsyn_rfs.v:12196]
INFO: [Synth 8-155] case statement is not full and has no default [/media/logictronix/ML_WORKSPACE/Abhidan/Platforms/Workspace/zcu102_dpu_vitis/dpu_system_system_hw_link/Hardware/dpu.build/link/vivado/vpl/prj/prj.gen/sources_1/bd/design_1/ipshared/4675/hdl/axi_dwidth_converter_v2_1_vlsyn_rfs.v:12248]
INFO: [Synth 8-155] case statement is not full and has no default [/media/logictronix/ML_WORKSPACE/Abhidan/Platforms/Workspace/zcu102_dpu_vitis/dpu_system_system_hw_link/Hardware/dpu.build/link/vivado/vpl/prj/prj.gen/sources_1/bd/design_1/ipshared/4675/hdl/axi_dwidth_converter_v2_1_vlsyn_rfs.v:11954]
INFO: [Synth 8-155] case statement is not full and has no default [/media/logictronix/ML_WORKSPACE/Abhidan/Platforms/Workspace/zcu102_dpu_vitis/dpu_system_system_hw_link/Hardware/dpu.build/link/vivado/vpl/prj/prj.gen/sources_1/bd/design_1/ipshared/4675/hdl/axi_dwidth_converter_v2_1_vlsyn_rfs.v:12151]
INFO: [Synth 8-155] case statement is not full and has no default [/media/logictronix/ML_WORKSPACE/Abhidan/Platforms/Workspace/zcu102_dpu_vitis/dpu_system_system_hw_link/Hardware/dpu.build/link/vivado/vpl/prj/prj.gen/sources_1/bd/design_1/ipshared/4675/hdl/axi_dwidth_converter_v2_1_vlsyn_rfs.v:11665]
INFO: [Synth 8-6155] done synthesizing module 'axi_dwidth_converter_v2_1_27_r_upsizer_pktfifo' (0#1) [/media/logictronix/ML_WORKSPACE/Abhidan/Platforms/Workspace/zcu102_dpu_vitis/dpu_system_system_hw_link/Hardware/dpu.build/link/vivado/vpl/prj/prj.gen/sources_1/bd/design_1/ipshared/4675/hdl/axi_dwidth_converter_v2_1_vlsyn_rfs.v:11247]
INFO: [Synth 8-6157] synthesizing module 'axi_dwidth_converter_v2_1_27_a_upsizer__parameterized0' [/media/logictronix/ML_WORKSPACE/Abhidan/Platforms/Workspace/zcu102_dpu_vitis/dpu_system_system_hw_link/Hardware/dpu.build/link/vivado/vpl/prj/prj.gen/sources_1/bd/design_1/ipshared/4675/hdl/axi_dwidth_converter_v2_1_vlsyn_rfs.v:3602]
INFO: [Synth 8-6155] done synthesizing module 'axi_dwidth_converter_v2_1_27_a_upsizer__parameterized0' (0#1) [/media/logictronix/ML_WORKSPACE/Abhidan/Platforms/Workspace/zcu102_dpu_vitis/dpu_system_system_hw_link/Hardware/dpu.build/link/vivado/vpl/prj/prj.gen/sources_1/bd/design_1/ipshared/4675/hdl/axi_dwidth_converter_v2_1_vlsyn_rfs.v:3602]
INFO: [Synth 8-6157] synthesizing module 'axi_register_slice_v2_1_27_axi_register_slice__parameterized0' [/media/logictronix/ML_WORKSPACE/Abhidan/Platforms/Workspace/zcu102_dpu_vitis/dpu_system_system_hw_link/Hardware/dpu.build/link/vivado/vpl/prj/prj.gen/sources_1/bd/design_1/ipshared/f0b4/hdl/axi_register_slice_v2_1_vl_rfs.v:3725]
INFO: [Synth 8-6157] synthesizing module 'axi_infrastructure_v1_1_0_axi2vector__parameterized0' [/media/logictronix/ML_WORKSPACE/Abhidan/Platforms/Workspace/zcu102_dpu_vitis/dpu_system_system_hw_link/Hardware/dpu.build/link/vivado/vpl/prj/prj.gen/sources_1/bd/design_1/ipshared/ec67/hdl/axi_infrastructure_v1_1_vl_rfs.v:59]
INFO: [Synth 8-6155] done synthesizing module 'axi_infrastructure_v1_1_0_axi2vector__parameterized0' (0#1) [/media/logictronix/ML_WORKSPACE/Abhidan/Platforms/Workspace/zcu102_dpu_vitis/dpu_system_system_hw_link/Hardware/dpu.build/link/vivado/vpl/prj/prj.gen/sources_1/bd/design_1/ipshared/ec67/hdl/axi_infrastructure_v1_1_vl_rfs.v:59]
INFO: [Synth 8-6157] synthesizing module 'axi_infrastructure_v1_1_0_vector2axi__parameterized0' [/media/logictronix/ML_WORKSPACE/Abhidan/Platforms/Workspace/zcu102_dpu_vitis/dpu_system_system_hw_link/Hardware/dpu.build/link/vivado/vpl/prj/prj.gen/sources_1/bd/design_1/ipshared/ec67/hdl/axi_infrastructure_v1_1_vl_rfs.v:473]
INFO: [Synth 8-6155] done synthesizing module 'axi_infrastructure_v1_1_0_vector2axi__parameterized0' (0#1) [/media/logictronix/ML_WORKSPACE/Abhidan/Platforms/Workspace/zcu102_dpu_vitis/dpu_system_system_hw_link/Hardware/dpu.build/link/vivado/vpl/prj/prj.gen/sources_1/bd/design_1/ipshared/ec67/hdl/axi_infrastructure_v1_1_vl_rfs.v:473]
INFO: [Synth 8-6157] synthesizing module 'axi_register_slice_v2_1_27_axic_register_slice__parameterized4' [/media/logictronix/ML_WORKSPACE/Abhidan/Platforms/Workspace/zcu102_dpu_vitis/dpu_system_system_hw_link/Hardware/dpu.build/link/vivado/vpl/prj/prj.gen/sources_1/bd/design_1/ipshared/f0b4/hdl/axi_register_slice_v2_1_vl_rfs.v:1497]
INFO: [Synth 8-6155] done synthesizing module 'axi_register_slice_v2_1_27_axic_register_slice__parameterized4' (0#1) [/media/logictronix/ML_WORKSPACE/Abhidan/Platforms/Workspace/zcu102_dpu_vitis/dpu_system_system_hw_link/Hardware/dpu.build/link/vivado/vpl/prj/prj.gen/sources_1/bd/design_1/ipshared/f0b4/hdl/axi_register_slice_v2_1_vl_rfs.v:1497]
INFO: [Synth 8-6157] synthesizing module 'axi_register_slice_v2_1_27_axic_register_slice__parameterized5' [/media/logictronix/ML_WORKSPACE/Abhidan/Platforms/Workspace/zcu102_dpu_vitis/dpu_system_system_hw_link/Hardware/dpu.build/link/vivado/vpl/prj/prj.gen/sources_1/bd/design_1/ipshared/f0b4/hdl/axi_register_slice_v2_1_vl_rfs.v:1497]
INFO: [Synth 8-6155] done synthesizing module 'axi_register_slice_v2_1_27_axic_register_slice__parameterized5' (0#1) [/media/logictronix/ML_WORKSPACE/Abhidan/Platforms/Workspace/zcu102_dpu_vitis/dpu_system_system_hw_link/Hardware/dpu.build/link/vivado/vpl/prj/prj.gen/sources_1/bd/design_1/ipshared/f0b4/hdl/axi_register_slice_v2_1_vl_rfs.v:1497]
INFO: [Synth 8-6157] synthesizing module 'axi_register_slice_v2_1_27_axic_register_slice__parameterized6' [/media/logictronix/ML_WORKSPACE/Abhidan/Platforms/Workspace/zcu102_dpu_vitis/dpu_system_system_hw_link/Hardware/dpu.build/link/vivado/vpl/prj/prj.gen/sources_1/bd/design_1/ipshared/f0b4/hdl/axi_register_slice_v2_1_vl_rfs.v:1497]
INFO: [Synth 8-6155] done synthesizing module 'axi_register_slice_v2_1_27_axic_register_slice__parameterized6' (0#1) [/media/logictronix/ML_WORKSPACE/Abhidan/Platforms/Workspace/zcu102_dpu_vitis/dpu_system_system_hw_link/Hardware/dpu.build/link/vivado/vpl/prj/prj.gen/sources_1/bd/design_1/ipshared/f0b4/hdl/axi_register_slice_v2_1_vl_rfs.v:1497]
INFO: [Synth 8-6157] synthesizing module 'axi_register_slice_v2_1_27_axic_register_slice__parameterized7' [/media/logictronix/ML_WORKSPACE/Abhidan/Platforms/Workspace/zcu102_dpu_vitis/dpu_system_system_hw_link/Hardware/dpu.build/link/vivado/vpl/prj/prj.gen/sources_1/bd/design_1/ipshared/f0b4/hdl/axi_register_slice_v2_1_vl_rfs.v:1497]
INFO: [Synth 8-6155] done synthesizing module 'axi_register_slice_v2_1_27_axic_register_slice__parameterized7' (0#1) [/media/logictronix/ML_WORKSPACE/Abhidan/Platforms/Workspace/zcu102_dpu_vitis/dpu_system_system_hw_link/Hardware/dpu.build/link/vivado/vpl/prj/prj.gen/sources_1/bd/design_1/ipshared/f0b4/hdl/axi_register_slice_v2_1_vl_rfs.v:1497]
INFO: [Synth 8-6155] done synthesizing module 'axi_register_slice_v2_1_27_axi_register_slice__parameterized0' (0#1) [/media/logictronix/ML_WORKSPACE/Abhidan/Platforms/Workspace/zcu102_dpu_vitis/dpu_system_system_hw_link/Hardware/dpu.build/link/vivado/vpl/prj/prj.gen/sources_1/bd/design_1/ipshared/f0b4/hdl/axi_register_slice_v2_1_vl_rfs.v:3725]
WARNING: [Synth 8-7071] port 'aclk2x' of module 'axi_register_slice_v2_1_27_axi_register_slice' is unconnected for instance 'si_register_slice_inst' [/media/logictronix/ML_WORKSPACE/Abhidan/Platforms/Workspace/zcu102_dpu_vitis/dpu_system_system_hw_link/Hardware/dpu.build/link/vivado/vpl/prj/prj.gen/sources_1/bd/design_1/ipshared/4675/hdl/axi_dwidth_converter_v2_1_vlsyn_rfs.v:7379]
WARNING: [Synth 8-7023] instance 'si_register_slice_inst' of module 'axi_register_slice_v2_1_27_axi_register_slice' has 93 connections declared, but only 92 given [/media/logictronix/ML_WORKSPACE/Abhidan/Platforms/Workspace/zcu102_dpu_vitis/dpu_system_system_hw_link/Hardware/dpu.build/link/vivado/vpl/prj/prj.gen/sources_1/bd/design_1/ipshared/4675/hdl/axi_dwidth_converter_v2_1_vlsyn_rfs.v:7379]
INFO: [Synth 8-6155] done synthesizing module 'axi_dwidth_converter_v2_1_27_axi_upsizer' (0#1) [/media/logictronix/ML_WORKSPACE/Abhidan/Platforms/Workspace/zcu102_dpu_vitis/dpu_system_system_hw_link/Hardware/dpu.build/link/vivado/vpl/prj/prj.gen/sources_1/bd/design_1/ipshared/4675/hdl/axi_dwidth_converter_v2_1_vlsyn_rfs.v:7037]
INFO: [Synth 8-6155] done synthesizing module 'axi_dwidth_converter_v2_1_27_top' (0#1) [/media/logictronix/ML_WORKSPACE/Abhidan/Platforms/Workspace/zcu102_dpu_vitis/dpu_system_system_hw_link/Hardware/dpu.build/link/vivado/vpl/prj/prj.gen/sources_1/bd/design_1/ipshared/4675/hdl/axi_dwidth_converter_v2_1_vlsyn_rfs.v:14461]
INFO: [Synth 8-6155] done synthesizing module 'design_1_auto_us_df_0' (0#1) [/media/logictronix/ML_WORKSPACE/Abhidan/Platforms/Workspace/zcu102_dpu_vitis/dpu_system_system_hw_link/Hardware/dpu.build/link/vivado/vpl/prj/prj.gen/sources_1/bd/design_1/ip/design_1_auto_us_df_0/synth/design_1_auto_us_df_0.v:53]
WARNING: [Synth 8-7129] Port m_axi_buser[0] in module axi_infrastructure_v1_1_0_vector2axi__parameterized0 is either unconnected or has no load
WARNING: [Synth 8-7129] Port m_axi_ruser[0] in module axi_infrastructure_v1_1_0_vector2axi__parameterized0 is either unconnected or has no load
WARNING: [Synth 8-7129] Port s_axi_awuser[0] in module axi_infrastructure_v1_1_0_axi2vector__parameterized0 is either unconnected or has no load
WARNING: [Synth 8-7129] Port s_axi_wid[0] in module axi_infrastructure_v1_1_0_axi2vector__parameterized0 is either unconnected or has no load
WARNING: [Synth 8-7129] Port s_axi_wuser[0] in module axi_infrastructure_v1_1_0_axi2vector__parameterized0 is either unconnected or has no load
WARNING: [Synth 8-7129] Port s_axi_aruser[0] in module axi_infrastructure_v1_1_0_axi2vector__parameterized0 is either unconnected or has no load
WARNING: [Synth 8-7129] Port aclk2x in module axi_register_slice_v2_1_27_axi_register_slice__parameterized0 is either unconnected or has no load
WARNING: [Synth 8-7129] Port cmd_id_ready in module axi_dwidth_converter_v2_1_27_a_upsizer__parameterized0 is either unconnected or has no load
WARNING: [Synth 8-7129] Port S_AXI_AID[0] in module axi_dwidth_converter_v2_1_27_a_upsizer__parameterized0 is either unconnected or has no load
WARNING: [Synth 8-7129] Port ALMOST_FULL_I in module output_blk__parameterized3 is either unconnected or has no load
WARNING: [Synth 8-7129] Port PROG_FULL_I in module output_blk__parameterized3 is either unconnected or has no load
WARNING: [Synth 8-7129] Port ALMOST_EMPTY_I in module output_blk__parameterized3 is either unconnected or has no load
WARNING: [Synth 8-7129] Port PROG_EMPTY_I in module output_blk__parameterized3 is either unconnected or has no load
WARNING: [Synth 8-7129] Port WR_ACK_I in module output_blk__parameterized3 is either unconnected or has no load
WARNING: [Synth 8-7129] Port VALID_I in module output_blk__parameterized3 is either unconnected or has no load
WARNING: [Synth 8-7129] Port OVERFLOW_I in module output_blk__parameterized3 is either unconnected or has no load
WARNING: [Synth 8-7129] Port UNDERFLOW_I in module output_blk__parameterized3 is either unconnected or has no load
WARNING: [Synth 8-7129] Port DATA_COUNT_I[9] in module output_blk__parameterized3 is either unconnected or has no load
WARNING: [Synth 8-7129] Port DATA_COUNT_I[8] in module output_blk__parameterized3 is either unconnected or has no load
WARNING: [Synth 8-7129] Port DATA_COUNT_I[7] in module output_blk__parameterized3 is either unconnected or has no load
WARNING: [Synth 8-7129] Port DATA_COUNT_I[6] in module output_blk__parameterized3 is either unconnected or has no load
WARNING: [Synth 8-7129] Port DATA_COUNT_I[5] in module output_blk__parameterized3 is either unconnected or has no load
WARNING: [Synth 8-7129] Port DATA_COUNT_I[4] in module output_blk__parameterized3 is either unconnected or has no load
WARNING: [Synth 8-7129] Port DATA_COUNT_I[3] in module output_blk__parameterized3 is either unconnected or has no load
WARNING: [Synth 8-7129] Port DATA_COUNT_I[2] in module output_blk__parameterized3 is either unconnected or has no load
WARNING: [Synth 8-7129] Port DATA_COUNT_I[1] in module output_blk__parameterized3 is either unconnected or has no load
WARNING: [Synth 8-7129] Port DATA_COUNT_I[0] in module output_blk__parameterized3 is either unconnected or has no load
WARNING: [Synth 8-7129] Port WR_DATA_COUNT_I[9] in module output_blk__parameterized3 is either unconnected or has no load
WARNING: [Synth 8-7129] Port WR_DATA_COUNT_I[8] in module output_blk__parameterized3 is either unconnected or has no load
WARNING: [Synth 8-7129] Port WR_DATA_COUNT_I[7] in module output_blk__parameterized3 is either unconnected or has no load
WARNING: [Synth 8-7129] Port WR_DATA_COUNT_I[6] in module output_blk__parameterized3 is either unconnected or has no load
WARNING: [Synth 8-7129] Port WR_DATA_COUNT_I[5] in module output_blk__parameterized3 is either unconnected or has no load
WARNING: [Synth 8-7129] Port WR_DATA_COUNT_I[4] in module output_blk__parameterized3 is either unconnected or has no load
WARNING: [Synth 8-7129] Port WR_DATA_COUNT_I[3] in module output_blk__parameterized3 is either unconnected or has no load
WARNING: [Synth 8-7129] Port WR_DATA_COUNT_I[2] in module output_blk__parameterized3 is either unconnected or has no load
WARNING: [Synth 8-7129] Port WR_DATA_COUNT_I[1] in module output_blk__parameterized3 is either unconnected or has no load
WARNING: [Synth 8-7129] Port WR_DATA_COUNT_I[0] in module output_blk__parameterized3 is either unconnected or has no load
WARNING: [Synth 8-7129] Port RD_DATA_COUNT_I[9] in module output_blk__parameterized3 is either unconnected or has no load
WARNING: [Synth 8-7129] Port RD_DATA_COUNT_I[8] in module output_blk__parameterized3 is either unconnected or has no load
WARNING: [Synth 8-7129] Port RD_DATA_COUNT_I[7] in module output_blk__parameterized3 is either unconnected or has no load
WARNING: [Synth 8-7129] Port RD_DATA_COUNT_I[6] in module output_blk__parameterized3 is either unconnected or has no load
WARNING: [Synth 8-7129] Port RD_DATA_COUNT_I[5] in module output_blk__parameterized3 is either unconnected or has no load
WARNING: [Synth 8-7129] Port RD_DATA_COUNT_I[4] in module output_blk__parameterized3 is either unconnected or has no load
WARNING: [Synth 8-7129] Port RD_DATA_COUNT_I[3] in module output_blk__parameterized3 is either unconnected or has no load
WARNING: [Synth 8-7129] Port RD_DATA_COUNT_I[2] in module output_blk__parameterized3 is either unconnected or has no load
WARNING: [Synth 8-7129] Port RD_DATA_COUNT_I[1] in module output_blk__parameterized3 is either unconnected or has no load
WARNING: [Synth 8-7129] Port RD_DATA_COUNT_I[0] in module output_blk__parameterized3 is either unconnected or has no load
WARNING: [Synth 8-7129] Port SBITERR_I in module output_blk__parameterized3 is either unconnected or has no load
WARNING: [Synth 8-7129] Port DBITERR_I in module output_blk__parameterized3 is either unconnected or has no load
WARNING: [Synth 8-7129] Port RST_FULL_FF in module wr_status_flags_ss__parameterized1 is either unconnected or has no load
WARNING: [Synth 8-7129] Port WR_RST in module wr_status_flags_ss__parameterized1 is either unconnected or has no load
WARNING: [Synth 8-7129] Port SRST in module wr_status_flags_ss__parameterized1 is either unconnected or has no load
WARNING: [Synth 8-7129] Port SAFETY_CKT_WR_RST in module wr_status_flags_ss__parameterized1 is either unconnected or has no load
WARNING: [Synth 8-7129] Port WR_PNTR_PLUS2[8] in module wr_status_flags_ss__parameterized1 is either unconnected or has no load
WARNING: [Synth 8-7129] Port WR_PNTR_PLUS2[7] in module wr_status_flags_ss__parameterized1 is either unconnected or has no load
WARNING: [Synth 8-7129] Port WR_PNTR_PLUS2[6] in module wr_status_flags_ss__parameterized1 is either unconnected or has no load
WARNING: [Synth 8-7129] Port WR_PNTR_PLUS2[5] in module wr_status_flags_ss__parameterized1 is either unconnected or has no load
WARNING: [Synth 8-7129] Port WR_PNTR_PLUS2[4] in module wr_status_flags_ss__parameterized1 is either unconnected or has no load
WARNING: [Synth 8-7129] Port WR_PNTR_PLUS2[3] in module wr_status_flags_ss__parameterized1 is either unconnected or has no load
WARNING: [Synth 8-7129] Port WR_PNTR_PLUS2[2] in module wr_status_flags_ss__parameterized1 is either unconnected or has no load
WARNING: [Synth 8-7129] Port WR_PNTR_PLUS2[1] in module wr_status_flags_ss__parameterized1 is either unconnected or has no load
WARNING: [Synth 8-7129] Port WR_PNTR_PLUS2[0] in module wr_status_flags_ss__parameterized1 is either unconnected or has no load
WARNING: [Synth 8-7129] Port WR_PNTR_PLUS3[8] in module wr_status_flags_ss__parameterized1 is either unconnected or has no load
WARNING: [Synth 8-7129] Port WR_PNTR_PLUS3[7] in module wr_status_flags_ss__parameterized1 is either unconnected or has no load
WARNING: [Synth 8-7129] Port WR_PNTR_PLUS3[6] in module wr_status_flags_ss__parameterized1 is either unconnected or has no load
WARNING: [Synth 8-7129] Port WR_PNTR_PLUS3[5] in module wr_status_flags_ss__parameterized1 is either unconnected or has no load
WARNING: [Synth 8-7129] Port WR_PNTR_PLUS3[4] in module wr_status_flags_ss__parameterized1 is either unconnected or has no load
WARNING: [Synth 8-7129] Port WR_PNTR_PLUS3[3] in module wr_status_flags_ss__parameterized1 is either unconnected or has no load
WARNING: [Synth 8-7129] Port WR_PNTR_PLUS3[2] in module wr_status_flags_ss__parameterized1 is either unconnected or has no load
WARNING: [Synth 8-7129] Port WR_PNTR_PLUS3[1] in module wr_status_flags_ss__parameterized1 is either unconnected or has no load
WARNING: [Synth 8-7129] Port WR_PNTR_PLUS3[0] in module wr_status_flags_ss__parameterized1 is either unconnected or has no load
WARNING: [Synth 8-7129] Port RST in module wr_bin_cntr__parameterized1 is either unconnected or has no load
WARNING: [Synth 8-7129] Port WR_EN_INTO_LOGIC in module wr_logic__parameterized2 is either unconnected or has no load
WARNING: [Synth 8-7129] Port WR_RST_INTO_LOGIC in module wr_logic__parameterized2 is either unconnected or has no load
WARNING: [Synth 8-7129] Port RD_EN in module wr_logic__parameterized2 is either unconnected or has no load
WARNING: [Synth 8-7129] Port WR_RST_BUSY in module wr_logic__parameterized2 is either unconnected or has no load
WARNING: [Synth 8-7129] Port EMPTY in module wr_logic__parameterized2 is either unconnected or has no load
WARNING: [Synth 8-7129] Port ALMOST_EMPTY in module wr_logic__parameterized2 is either unconnected or has no load
WARNING: [Synth 8-7129] Port PROG_FULL_THRESH[8] in module wr_logic__parameterized2 is either unconnected or has no load
WARNING: [Synth 8-7129] Port PROG_FULL_THRESH[7] in module wr_logic__parameterized2 is either unconnected or has no load
WARNING: [Synth 8-7129] Port PROG_FULL_THRESH[6] in module wr_logic__parameterized2 is either unconnected or has no load
WARNING: [Synth 8-7129] Port PROG_FULL_THRESH[5] in module wr_logic__parameterized2 is either unconnected or has no load
WARNING: [Synth 8-7129] Port PROG_FULL_THRESH[4] in module wr_logic__parameterized2 is either unconnected or has no load
WARNING: [Synth 8-7129] Port PROG_FULL_THRESH[3] in module wr_logic__parameterized2 is either unconnected or has no load
WARNING: [Synth 8-7129] Port PROG_FULL_THRESH[2] in module wr_logic__parameterized2 is either unconnected or has no load
WARNING: [Synth 8-7129] Port PROG_FULL_THRESH[1] in module wr_logic__parameterized2 is either unconnected or has no load
WARNING: [Synth 8-7129] Port PROG_FULL_THRESH[0] in module wr_logic__parameterized2 is either unconnected or has no load
WARNING: [Synth 8-7129] Port PROG_FULL_THRESH_ASSERT[8] in module wr_logic__parameterized2 is either unconnected or has no load
WARNING: [Synth 8-7129] Port PROG_FULL_THRESH_ASSERT[7] in module wr_logic__parameterized2 is either unconnected or has no load
WARNING: [Synth 8-7129] Port PROG_FULL_THRESH_ASSERT[6] in module wr_logic__parameterized2 is either unconnected or has no load
WARNING: [Synth 8-7129] Port PROG_FULL_THRESH_ASSERT[5] in module wr_logic__parameterized2 is either unconnected or has no load
WARNING: [Synth 8-7129] Port PROG_FULL_THRESH_ASSERT[4] in module wr_logic__parameterized2 is either unconnected or has no load
WARNING: [Synth 8-7129] Port PROG_FULL_THRESH_ASSERT[3] in module wr_logic__parameterized2 is either unconnected or has no load
WARNING: [Synth 8-7129] Port PROG_FULL_THRESH_ASSERT[2] in module wr_logic__parameterized2 is either unconnected or has no load
WARNING: [Synth 8-7129] Port PROG_FULL_THRESH_ASSERT[1] in module wr_logic__parameterized2 is either unconnected or has no load
WARNING: [Synth 8-7129] Port PROG_FULL_THRESH_ASSERT[0] in module wr_logic__parameterized2 is either unconnected or has no load
WARNING: [Synth 8-7129] Port PROG_FULL_THRESH_NEGATE[8] in module wr_logic__parameterized2 is either unconnected or has no load
WARNING: [Synth 8-7129] Port PROG_FULL_THRESH_NEGATE[7] in module wr_logic__parameterized2 is either unconnected or has no load
WARNING: [Synth 8-7129] Port PROG_FULL_THRESH_NEGATE[6] in module wr_logic__parameterized2 is either unconnected or has no load
WARNING: [Synth 8-7129] Port PROG_FULL_THRESH_NEGATE[5] in module wr_logic__parameterized2 is either unconnected or has no load
INFO: [Common 17-14] Message 'Synth 8-7129' appears 100 times and further instances of the messages will be disabled. Use the Tcl command set_msg_config to change the current settings.
---------------------------------------------------------------------------------
Finished RTL Elaboration : Time (s): cpu = 00:00:20 ; elapsed = 00:00:23 . Memory (MB): peak = 3243.250 ; gain = 522.180 ; free physical = 677 ; free virtual = 12844
Synthesis current peak Physical Memory [PSS] (MB): peak = 2408.399; parent = 2271.390; children = 137.033
Synthesis current peak Virtual Memory [VSS] (MB): peak = 4268.574; parent = 3243.254; children = 1025.320
---------------------------------------------------------------------------------
---------------------------------------------------------------------------------
Start Handling Custom Attributes
---------------------------------------------------------------------------------
---------------------------------------------------------------------------------
Finished Handling Custom Attributes : Time (s): cpu = 00:00:20 ; elapsed = 00:00:24 . Memory (MB): peak = 3252.156 ; gain = 531.086 ; free physical = 741 ; free virtual = 12913
Synthesis current peak Physical Memory [PSS] (MB): peak = 2408.399; parent = 2271.390; children = 137.033
Synthesis current peak Virtual Memory [VSS] (MB): peak = 4277.480; parent = 3252.160; children = 1025.320
---------------------------------------------------------------------------------
---------------------------------------------------------------------------------
Finished RTL Optimization Phase 1 : Time (s): cpu = 00:00:20 ; elapsed = 00:00:24 . Memory (MB): peak = 3252.156 ; gain = 531.086 ; free physical = 749 ; free virtual = 12919
Synthesis current peak Physical Memory [PSS] (MB): peak = 2408.399; parent = 2271.390; children = 137.033
Synthesis current peak Virtual Memory [VSS] (MB): peak = 4277.480; parent = 3252.160; children = 1025.320
---------------------------------------------------------------------------------
Netlist sorting complete. Time (s): cpu = 00:00:00.11 ; elapsed = 00:00:00.11 . Memory (MB): peak = 3263.125 ; gain = 0.000 ; free physical = 594 ; free virtual = 12769
INFO: [Netlist 29-17] Analyzing 24 Unisim elements for replacement
INFO: [Netlist 29-28] Unisim Transformation completed in 0 CPU seconds
INFO: [Project 1-570] Preparing netlist for logic optimization

Processing XDC Constraints
Initializing timing engine
Parsing XDC File [/media/logictronix/ML_WORKSPACE/Abhidan/Platforms/Workspace/zcu102_dpu_vitis/dpu_system_system_hw_link/Hardware/dpu.build/link/vivado/vpl/prj/prj.gen/sources_1/bd/design_1/ip/design_1_auto_us_df_0/design_1_auto_us_df_0_ooc.xdc] for cell 'inst'
create_clock: Time (s): cpu = 00:00:05 ; elapsed = 00:00:05 . Memory (MB): peak = 3328.941 ; gain = 0.000 ; free physical = 174 ; free virtual = 11973
Finished Parsing XDC File [/media/logictronix/ML_WORKSPACE/Abhidan/Platforms/Workspace/zcu102_dpu_vitis/dpu_system_system_hw_link/Hardware/dpu.build/link/vivado/vpl/prj/prj.gen/sources_1/bd/design_1/ip/design_1_auto_us_df_0/design_1_auto_us_df_0_ooc.xdc] for cell 'inst'
Parsing XDC File [/media/logictronix/ML_WORKSPACE/Abhidan/Platforms/Workspace/zcu102_dpu_vitis/dpu_system_system_hw_link/Hardware/dpu.build/link/vivado/vpl/prj/prj.runs/design_1_auto_us_df_0_synth_1/dont_touch.xdc]
Finished Parsing XDC File [/media/logictronix/ML_WORKSPACE/Abhidan/Platforms/Workspace/zcu102_dpu_vitis/dpu_system_system_hw_link/Hardware/dpu.build/link/vivado/vpl/prj/prj.runs/design_1_auto_us_df_0_synth_1/dont_touch.xdc]
INFO: [Project 1-1714] 2 XPM XDC files have been applied to the design.
Completed Processing XDC Constraints

Netlist sorting complete. Time (s): cpu = 00:00:00 ; elapsed = 00:00:00 . Memory (MB): peak = 3328.941 ; gain = 0.000 ; free physical = 174 ; free virtual = 11972
INFO: [Project 1-111] Unisim Transformation Summary:
  A total of 4 instances were transformed.
  RAMB18E1 => RAMB18E2: 4 instances

Constraint Validation Runtime : Time (s): cpu = 00:00:00.07 ; elapsed = 00:00:00.07 . Memory (MB): peak = 3328.941 ; gain = 0.000 ; free physical = 169 ; free virtual = 11968
INFO: [Designutils 20-5008] Incremental synthesis strategy off
INFO: [Synth 8-11241] undeclared symbol 'REGCCE', assumed default net type 'wire' [/media/logictronix/ML_WORKSPACE/Xilinx/Vivado/2022.2/data/verilog/src/unimacro/BRAM_SINGLE_MACRO.v:2170]
---------------------------------------------------------------------------------
Finished Constraint Validation : Time (s): cpu = 00:00:35 ; elapsed = 00:00:40 . Memory (MB): peak = 3328.941 ; gain = 607.871 ; free physical = 192 ; free virtual = 11499
Synthesis current peak Physical Memory [PSS] (MB): peak = 2408.399; parent = 2271.390; children = 137.033
Synthesis current peak Virtual Memory [VSS] (MB): peak = 4354.266; parent = 3328.945; children = 1025.320
---------------------------------------------------------------------------------
---------------------------------------------------------------------------------
Start Loading Part and Timing Information
---------------------------------------------------------------------------------
Loading part: xczu9eg-ffvb1156-2-e
INFO: [Synth 8-6742] Reading net delay rules and data
---------------------------------------------------------------------------------
Finished Loading Part and Timing Information : Time (s): cpu = 00:00:35 ; elapsed = 00:00:40 . Memory (MB): peak = 3328.941 ; gain = 607.871 ; free physical = 176 ; free virtual = 11484
Synthesis current peak Physical Memory [PSS] (MB): peak = 2408.399; parent = 2271.390; children = 137.033
Synthesis current peak Virtual Memory [VSS] (MB): peak = 4354.266; parent = 3328.945; children = 1025.320
---------------------------------------------------------------------------------
---------------------------------------------------------------------------------
Start Applying 'set_property' XDC Constraints
---------------------------------------------------------------------------------
Applied set_property KEEP_HIERARCHY = SOFT for inst. (constraint file  /media/logictronix/ML_WORKSPACE/Abhidan/Platforms/Workspace/zcu102_dpu_vitis/dpu_system_system_hw_link/Hardware/dpu.build/link/vivado/vpl/prj/prj.runs/design_1_auto_us_df_0_synth_1/dont_touch.xdc, line 9).
Applied set_property KEEP_HIERARCHY = SOFT for inst/\gen_upsizer.gen_full_upsizer.axi_upsizer_inst /\USE_WRITE.gen_pktfifo_w_upsizer.pktfifo_write_data_inst /dw_fifogen_aw/inst_fifo_gen/\gaxi_full_lite.gwrite_ch.gwach2.axi_wach /\grf.rf /rstblk/\ngwrdrst.grst.g7serrst.gnsckt_wrst.rst_wr_reg2_inst . (constraint file  auto generated constraint).
Applied set_property KEEP_HIERARCHY = SOFT for inst/\gen_upsizer.gen_full_upsizer.axi_upsizer_inst /\USE_READ.gen_pktfifo_r_upsizer.pktfifo_read_data_inst /dw_fifogen_ar/inst_fifo_gen/\gaxi_full_lite.gread_ch.grach2.axi_rach /\grf.rf /rstblk/\ngwrdrst.grst.g7serrst.gnsckt_wrst.rst_wr_reg2_inst . (constraint file  auto generated constraint).
---------------------------------------------------------------------------------
Finished applying 'set_property' XDC Constraints : Time (s): cpu = 00:00:35 ; elapsed = 00:00:40 . Memory (MB): peak = 3328.941 ; gain = 607.871 ; free physical = 173 ; free virtual = 11482
Synthesis current peak Physical Memory [PSS] (MB): peak = 2408.399; parent = 2271.390; children = 137.033
Synthesis current peak Virtual Memory [VSS] (MB): peak = 4354.266; parent = 3328.945; children = 1025.320
---------------------------------------------------------------------------------
INFO: [Synth 8-802] inferred FSM for state register 'gpregsm2.curr_fwft_state_reg' in module 'rd_fwft'
INFO: [Synth 8-3936] Found unconnected internal register 'si_size_reg' and it is trimmed from '3' to '2' bits. [/media/logictronix/ML_WORKSPACE/Abhidan/Platforms/Workspace/zcu102_dpu_vitis/dpu_system_system_hw_link/Hardware/dpu.build/link/vivado/vpl/prj/prj.gen/sources_1/bd/design_1/ipshared/4675/hdl/axi_dwidth_converter_v2_1_vlsyn_rfs.v:9832]
INFO: [Synth 8-802] inferred FSM for state register 'si_state_reg' in module 'axi_dwidth_converter_v2_1_27_w_upsizer_pktfifo'
INFO: [Synth 8-802] inferred FSM for state register 'mi_state_reg' in module 'axi_dwidth_converter_v2_1_27_w_upsizer_pktfifo'
INFO: [Synth 8-802] inferred FSM for state register 'gpregsm1.curr_fwft_state_reg' in module 'rd_fwft__parameterized0'
INFO: [Synth 8-6159] Found Keep on FSM register 'gpregsm2.curr_fwft_state_reg' in module 'rd_fwft', re-encoding will not be performed
---------------------------------------------------------------------------------------------------
                   State |                     New Encoding |                Previous Encoding 
---------------------------------------------------------------------------------------------------
*
                 invalid |                               00 |                               00
            stage1_valid |                               10 |                               10
---------------------------------------------------------------------------------------------------
---------------------------------------------------------------------------------------------------
                   State |                     New Encoding |                Previous Encoding 
---------------------------------------------------------------------------------------------------
                  M_IDLE |                              000 |                              000
                M_ISSUE1 |                              001 |                              001
              M_WRITING1 |                              010 |                              011
              M_AW_DONE1 |                              011 |                              110
                M_ISSUE2 |                              100 |                              111
              M_WRITING2 |                              101 |                              101
              M_AW_DONE2 |                              110 |                              100
              M_AW_STALL |                              111 |                              010
---------------------------------------------------------------------------------------------------
INFO: [Synth 8-3354] encoded FSM with state register 'mi_state_reg' using encoding 'sequential' in module 'axi_dwidth_converter_v2_1_27_w_upsizer_pktfifo'
---------------------------------------------------------------------------------------------------
                   State |                     New Encoding |                Previous Encoding 
---------------------------------------------------------------------------------------------------
                  S_IDLE |                               00 |                               00
               S_WRITING |                               01 |                               01
                S_AWFULL |                               10 |                               11
---------------------------------------------------------------------------------------------------
INFO: [Synth 8-3354] encoded FSM with state register 'si_state_reg' using encoding 'sequential' in module 'axi_dwidth_converter_v2_1_27_w_upsizer_pktfifo'
INFO: [Synth 8-6159] Found Keep on FSM register 'gpregsm1.curr_fwft_state_reg' in module 'rd_fwft__parameterized0', re-encoding will not be performed
---------------------------------------------------------------------------------------------------
                   State |                     New Encoding |                Previous Encoding 
---------------------------------------------------------------------------------------------------
                 invalid |                               00 |                               00
            stage1_valid |                               10 |                               10
       both_stages_valid |                               11 |                               11
            stage2_valid |                               01 |                               01
---------------------------------------------------------------------------------------------------
---------------------------------------------------------------------------------
Finished RTL Optimization Phase 2 : Time (s): cpu = 00:00:37 ; elapsed = 00:00:44 . Memory (MB): peak = 3328.941 ; gain = 607.871 ; free physical = 180 ; free virtual = 11179
Synthesis current peak Physical Memory [PSS] (MB): peak = 2408.399; parent = 2271.390; children = 137.033
Synthesis current peak Virtual Memory [VSS] (MB): peak = 4354.266; parent = 3328.945; children = 1025.320
---------------------------------------------------------------------------------
---------------------------------------------------------------------------------
Start RTL Component Statistics 
---------------------------------------------------------------------------------
Detailed RTL Component Info : 
+---Adders : 
	   2 Input   10 Bit       Adders := 3     
	   2 Input    9 Bit       Adders := 2     
	   2 Input    8 Bit       Adders := 4     
	   2 Input    6 Bit       Adders := 3     
	   2 Input    5 Bit       Adders := 12    
	   2 Input    4 Bit       Adders := 6     
	   2 Input    3 Bit       Adders := 8     
	   2 Input    2 Bit       Adders := 1     
+---XORs : 
	   2 Input      1 Bit         XORs := 116   
+---Registers : 
	               74 Bit    Registers := 1     
	               73 Bit    Registers := 1     
	               70 Bit    Registers := 2     
	               69 Bit    Registers := 1     
	               37 Bit    Registers := 2     
	               36 Bit    Registers := 2     
	               29 Bit    Registers := 2     
	               21 Bit    Registers := 2     
	               16 Bit    Registers := 4     
	               10 Bit    Registers := 4     
	                9 Bit    Registers := 4     
	                8 Bit    Registers := 4     
	                6 Bit    Registers := 2     
	                5 Bit    Registers := 18    
	                4 Bit    Registers := 17    
	                3 Bit    Registers := 12    
	                2 Bit    Registers := 21    
	                1 Bit    Registers := 119   
+---Muxes : 
	   2 Input   40 Bit        Muxes := 6     
	   2 Input   37 Bit        Muxes := 2     
	   2 Input   36 Bit        Muxes := 2     
	   2 Input   16 Bit        Muxes := 11    
	   4 Input   16 Bit        Muxes := 5     
	   2 Input   10 Bit        Muxes := 10    
	   2 Input    8 Bit        Muxes := 5     
	   8 Input    8 Bit        Muxes := 2     
	   4 Input    7 Bit        Muxes := 1     
	   2 Input    7 Bit        Muxes := 1     
	   2 Input    6 Bit        Muxes := 6     
	   2 Input    5 Bit        Muxes := 1     
	   6 Input    5 Bit        Muxes := 1     
	   2 Input    4 Bit        Muxes := 37    
	   4 Input    4 Bit        Muxes := 10    
	   8 Input    4 Bit        Muxes := 6     
	   6 Input    4 Bit        Muxes := 1     
	   8 Input    3 Bit        Muxes := 1     
	   2 Input    3 Bit        Muxes := 13    
	   4 Input    3 Bit        Muxes := 1     
	   3 Input    2 Bit        Muxes := 5     
	   2 Input    2 Bit        Muxes := 48    
	   5 Input    2 Bit        Muxes := 5     
	   4 Input    2 Bit        Muxes := 6     
	   3 Input    1 Bit        Muxes := 20    
	   2 Input    1 Bit        Muxes := 211   
	   8 Input    1 Bit        Muxes := 8     
	   4 Input    1 Bit        Muxes := 65    
---------------------------------------------------------------------------------
Finished RTL Component Statistics 
---------------------------------------------------------------------------------
---------------------------------------------------------------------------------
Start Part Resource Summary
---------------------------------------------------------------------------------
Part Resources:
DSPs: 2520 (col length:168)
BRAMs: 1824 (col length: RAMB18 168 RAMB36 84)
---------------------------------------------------------------------------------
Finished Part Resource Summary
---------------------------------------------------------------------------------
---------------------------------------------------------------------------------
Start Cross Boundary and Area Optimization
---------------------------------------------------------------------------------
WARNING: [Synth 8-7080] Parallel synthesis criteria is not met
---------------------------------------------------------------------------------
Finished Cross Boundary and Area Optimization : Time (s): cpu = 00:00:44 ; elapsed = 00:00:51 . Memory (MB): peak = 3328.941 ; gain = 607.871 ; free physical = 200 ; free virtual = 10774
Synthesis current peak Physical Memory [PSS] (MB): peak = 2408.399; parent = 2271.390; children = 137.033
Synthesis current peak Virtual Memory [VSS] (MB): peak = 4354.266; parent = 3328.945; children = 1025.320
---------------------------------------------------------------------------------
---------------------------------------------------------------------------------
Start ROM, RAM, DSP, Shift Register and Retiming Reporting
---------------------------------------------------------------------------------

Distributed RAM: Preliminary Mapping Report (see note below)
+----------------------------------------------------------------------------------------------------------------------------+-----------------------------------------------------------------------------------------------------------+----------------+----------------------+---------------+
|Module Name                                                                                                                 | RTL Object                                                                                                | Inference      | Size (Depth x Width) | Primitives    | 
+----------------------------------------------------------------------------------------------------------------------------+-----------------------------------------------------------------------------------------------------------+----------------+----------------------+---------------+
|inst/\gen_upsizer.gen_full_upsizer.axi_upsizer_inst/USE_WRITE.gen_pktfifo_w_upsizer.pktfifo_write_data_inst/dw_fifogen_aw   | inst_fifo_gen/gaxi_full_lite.gwrite_ch.gwach2.axi_wach/grf.rf/gntv_or_sync_fifo.mem/gdm.dm_gen.dm/RAM_reg | User Attribute | 32 x 73              | RAM32M16 x 6  | 
|inst/\gen_upsizer.gen_full_upsizer.axi_upsizer_inst/USE_READ.gen_pktfifo_r_upsizer.pktfifo_read_data_inst/dw_fifogen_ar     | inst_fifo_gen/gaxi_full_lite.gread_ch.grach2.axi_rach/grf.rf/gntv_or_sync_fifo.mem/gdm.dm_gen.dm/RAM_reg  | User Attribute | 32 x 69              | RAM32M16 x 5  | 
|inst/\gen_upsizer.gen_full_upsizer.axi_upsizer_inst/USE_READ.gen_pktfifo_r_upsizer.pktfifo_read_data_inst/s_cmd_fifo        | inst_fifo_gen/gconvfifo.rf/grf.rf/gntv_or_sync_fifo.mem/gdm.dm_gen.dm/RAM_reg                             | User Attribute | 32 x 29              | RAM32M16 x 3  | 
|inst/\gen_upsizer.gen_full_upsizer.axi_upsizer_inst/USE_READ.gen_pktfifo_r_upsizer.pktfifo_read_data_inst/m_cmd_fifo        | inst_fifo_gen/gconvfifo.rf/grf.rf/gntv_or_sync_fifo.mem/gdm.dm_gen.dm/RAM_reg                             | User Attribute | 32 x 21              | RAM32M16 x 2  | 
|inst/\gen_upsizer.gen_full_upsizer.axi_upsizer_inst/USE_READ.gen_pktfifo_r_upsizer.pktfifo_read_data_inst/dw_fifogen_rresp  | inst_fifo_gen/gconvfifo.rf/grf.rf/gntv_or_sync_fifo.mem/gdm.dm_gen.dm/RAM_reg                             | User Attribute | 512 x 4              | RAM64M8 x 8   | 
+----------------------------------------------------------------------------------------------------------------------------+-----------------------------------------------------------------------------------------------------------+----------------+----------------------+---------------+

Note: The table above is a preliminary report that shows the Distributed RAMs at the current stage of the synthesis flow. Some Distributed RAMs may be reimplemented as non Distributed RAM primitives later in the synthesis flow. Multiple instantiated RAMs are reported only once.
---------------------------------------------------------------------------------
Finished ROM, RAM, DSP, Shift Register and Retiming Reporting
---------------------------------------------------------------------------------
---------------------------------------------------------------------------------
Start Applying XDC Timing Constraints
---------------------------------------------------------------------------------
INFO: [Synth 8-5578] Moved timing constraint from pin 'inst/gen_upsizer.gen_full_upsizer.axi_upsizer_inst/USE_READ.gen_pktfifo_r_upsizer.pktfifo_read_data_inst/dw_fifogen_ar/inst_fifo_gen/gaxi_full_lite.gread_ch.grach2.axi_rach/grf.rf/rstblk/ngwrdrst.grst.g7serrst.gnsckt_wrst.rst_wr_reg2_inst/src_arst' to pin 'inst/gen_upsizer.gen_full_upsizer.axi_upsizer_inst/USE_READ.gen_pktfifo_r_upsizer.pktfifo_read_data_inst/dw_fifogen_ar/inst_fifo_gen/inverted_reset_inferred/i_0/O'
INFO: [Synth 8-5578] Moved timing constraint from pin 'inst/gen_upsizer.gen_full_upsizer.axi_upsizer_inst/USE_WRITE.gen_pktfifo_w_upsizer.pktfifo_write_data_inst/dw_fifogen_aw/inst_fifo_gen/gaxi_full_lite.gwrite_ch.gwach2.axi_wach/grf.rf/rstblk/ngwrdrst.grst.g7serrst.gnsckt_wrst.rst_wr_reg2_inst/src_arst' to pin 'inst/gen_upsizer.gen_full_upsizer.axi_upsizer_inst/USE_WRITE.gen_pktfifo_w_upsizer.pktfifo_write_data_inst/dw_fifogen_aw/inst_fifo_gen/inverted_reset_inferred/i_0/O'
INFO: [Synth 8-5819] Moved 2 constraints on hierarchical pins to their respective driving/loading pins
---------------------------------------------------------------------------------
Finished Applying XDC Timing Constraints : Time (s): cpu = 00:00:55 ; elapsed = 00:01:04 . Memory (MB): peak = 3592.340 ; gain = 871.270 ; free physical = 800 ; free virtual = 10524
Synthesis current peak Physical Memory [PSS] (MB): peak = 2408.399; parent = 2271.390; children = 137.033
Synthesis current peak Virtual Memory [VSS] (MB): peak = 4617.664; parent = 3592.344; children = 1025.320
---------------------------------------------------------------------------------
---------------------------------------------------------------------------------
Start Timing Optimization
---------------------------------------------------------------------------------
---------------------------------------------------------------------------------
Finished Timing Optimization : Time (s): cpu = 00:00:58 ; elapsed = 00:01:07 . Memory (MB): peak = 3661.387 ; gain = 940.316 ; free physical = 726 ; free virtual = 10472
Synthesis current peak Physical Memory [PSS] (MB): peak = 2415.022; parent = 2299.515; children = 137.033
Synthesis current peak Virtual Memory [VSS] (MB): peak = 4686.711; parent = 3661.391; children = 1025.320
---------------------------------------------------------------------------------
---------------------------------------------------------------------------------
Start ROM, RAM, DSP, Shift Register and Retiming Reporting
---------------------------------------------------------------------------------

Distributed RAM: Final Mapping Report
+----------------------------------------------------------------------------------------------------------------------------+-----------------------------------------------------------------------------------------------------------+----------------+----------------------+---------------+
|Module Name                                                                                                                 | RTL Object                                                                                                | Inference      | Size (Depth x Width) | Primitives    | 
+----------------------------------------------------------------------------------------------------------------------------+-----------------------------------------------------------------------------------------------------------+----------------+----------------------+---------------+
|inst/\gen_upsizer.gen_full_upsizer.axi_upsizer_inst/USE_WRITE.gen_pktfifo_w_upsizer.pktfifo_write_data_inst/dw_fifogen_aw   | inst_fifo_gen/gaxi_full_lite.gwrite_ch.gwach2.axi_wach/grf.rf/gntv_or_sync_fifo.mem/gdm.dm_gen.dm/RAM_reg | User Attribute | 32 x 73              | RAM32M16 x 6  | 
|inst/\gen_upsizer.gen_full_upsizer.axi_upsizer_inst/USE_READ.gen_pktfifo_r_upsizer.pktfifo_read_data_inst/dw_fifogen_ar     | inst_fifo_gen/gaxi_full_lite.gread_ch.grach2.axi_rach/grf.rf/gntv_or_sync_fifo.mem/gdm.dm_gen.dm/RAM_reg  | User Attribute | 32 x 69              | RAM32M16 x 5  | 
|inst/\gen_upsizer.gen_full_upsizer.axi_upsizer_inst/USE_READ.gen_pktfifo_r_upsizer.pktfifo_read_data_inst/s_cmd_fifo        | inst_fifo_gen/gconvfifo.rf/grf.rf/gntv_or_sync_fifo.mem/gdm.dm_gen.dm/RAM_reg                             | User Attribute | 32 x 29              | RAM32M16 x 3  | 
|inst/\gen_upsizer.gen_full_upsizer.axi_upsizer_inst/USE_READ.gen_pktfifo_r_upsizer.pktfifo_read_data_inst/m_cmd_fifo        | inst_fifo_gen/gconvfifo.rf/grf.rf/gntv_or_sync_fifo.mem/gdm.dm_gen.dm/RAM_reg                             | User Attribute | 32 x 21              | RAM32M16 x 2  | 
|inst/\gen_upsizer.gen_full_upsizer.axi_upsizer_inst/USE_READ.gen_pktfifo_r_upsizer.pktfifo_read_data_inst/dw_fifogen_rresp  | inst_fifo_gen/gconvfifo.rf/grf.rf/gntv_or_sync_fifo.mem/gdm.dm_gen.dm/RAM_reg                             | User Attribute | 512 x 4              | RAM64M8 x 8   | 
+----------------------------------------------------------------------------------------------------------------------------+-----------------------------------------------------------------------------------------------------------+----------------+----------------------+---------------+

---------------------------------------------------------------------------------
Finished ROM, RAM, DSP, Shift Register and Retiming Reporting
---------------------------------------------------------------------------------
---------------------------------------------------------------------------------
Start Technology Mapping
---------------------------------------------------------------------------------
---------------------------------------------------------------------------------
Finished Technology Mapping : Time (s): cpu = 00:00:59 ; elapsed = 00:01:08 . Memory (MB): peak = 3677.402 ; gain = 956.332 ; free physical = 1331 ; free virtual = 11100
Synthesis current peak Physical Memory [PSS] (MB): peak = 2417.986; parent = 2302.479; children = 137.033
Synthesis current peak Virtual Memory [VSS] (MB): peak = 4702.727; parent = 3677.406; children = 1025.320
---------------------------------------------------------------------------------
---------------------------------------------------------------------------------
Start IO Insertion
---------------------------------------------------------------------------------
---------------------------------------------------------------------------------
Start Flattening Before IO Insertion
---------------------------------------------------------------------------------
---------------------------------------------------------------------------------
Finished Flattening Before IO Insertion
---------------------------------------------------------------------------------
---------------------------------------------------------------------------------
Start Final Netlist Cleanup
---------------------------------------------------------------------------------
---------------------------------------------------------------------------------
Finished Final Netlist Cleanup
---------------------------------------------------------------------------------
---------------------------------------------------------------------------------
Finished IO Insertion : Time (s): cpu = 00:01:03 ; elapsed = 00:01:12 . Memory (MB): peak = 3677.402 ; gain = 956.332 ; free physical = 9450 ; free virtual = 20387
Synthesis current peak Physical Memory [PSS] (MB): peak = 2438.163; parent = 2319.976; children = 137.033
Synthesis current peak Virtual Memory [VSS] (MB): peak = 4702.727; parent = 3677.406; children = 1025.320
---------------------------------------------------------------------------------
---------------------------------------------------------------------------------
Start Renaming Generated Instances
---------------------------------------------------------------------------------
---------------------------------------------------------------------------------
Finished Renaming Generated Instances : Time (s): cpu = 00:01:03 ; elapsed = 00:01:12 . Memory (MB): peak = 3677.402 ; gain = 956.332 ; free physical = 9443 ; free virtual = 20381
Synthesis current peak Physical Memory [PSS] (MB): peak = 2438.610; parent = 2320.179; children = 137.033
Synthesis current peak Virtual Memory [VSS] (MB): peak = 4702.727; parent = 3677.406; children = 1025.320
---------------------------------------------------------------------------------
---------------------------------------------------------------------------------
Start Rebuilding User Hierarchy
---------------------------------------------------------------------------------
---------------------------------------------------------------------------------
Finished Rebuilding User Hierarchy : Time (s): cpu = 00:01:03 ; elapsed = 00:01:12 . Memory (MB): peak = 3677.402 ; gain = 956.332 ; free physical = 9423 ; free virtual = 20368
Synthesis current peak Physical Memory [PSS] (MB): peak = 2438.610; parent = 2320.179; children = 137.033
Synthesis current peak Virtual Memory [VSS] (MB): peak = 4702.727; parent = 3677.406; children = 1025.320
---------------------------------------------------------------------------------
---------------------------------------------------------------------------------
Start Renaming Generated Ports
---------------------------------------------------------------------------------
---------------------------------------------------------------------------------
Finished Renaming Generated Ports : Time (s): cpu = 00:01:03 ; elapsed = 00:01:12 . Memory (MB): peak = 3677.402 ; gain = 956.332 ; free physical = 9422 ; free virtual = 20368
Synthesis current peak Physical Memory [PSS] (MB): peak = 2438.610; parent = 2320.179; children = 137.033
Synthesis current peak Virtual Memory [VSS] (MB): peak = 4702.727; parent = 3677.406; children = 1025.320
---------------------------------------------------------------------------------
---------------------------------------------------------------------------------
Start Handling Custom Attributes
---------------------------------------------------------------------------------
---------------------------------------------------------------------------------
Finished Handling Custom Attributes : Time (s): cpu = 00:01:03 ; elapsed = 00:01:12 . Memory (MB): peak = 3677.402 ; gain = 956.332 ; free physical = 9413 ; free virtual = 20361
Synthesis current peak Physical Memory [PSS] (MB): peak = 2438.610; parent = 2320.179; children = 137.033
Synthesis current peak Virtual Memory [VSS] (MB): peak = 4702.727; parent = 3677.406; children = 1025.320
---------------------------------------------------------------------------------
---------------------------------------------------------------------------------
Start Renaming Generated Nets
---------------------------------------------------------------------------------
---------------------------------------------------------------------------------
Finished Renaming Generated Nets : Time (s): cpu = 00:01:03 ; elapsed = 00:01:12 . Memory (MB): peak = 3677.402 ; gain = 956.332 ; free physical = 9406 ; free virtual = 20359
Synthesis current peak Physical Memory [PSS] (MB): peak = 2438.610; parent = 2320.179; children = 137.033
Synthesis current peak Virtual Memory [VSS] (MB): peak = 4702.727; parent = 3677.406; children = 1025.320
---------------------------------------------------------------------------------
---------------------------------------------------------------------------------
Start Writing Synthesis Report
---------------------------------------------------------------------------------

Report BlackBoxes: 
+-+--------------+----------+
| |BlackBox name |Instances |
+-+--------------+----------+
+-+--------------+----------+

Report Cell Usage: 
+------+---------+------+
|      |Cell     |Count |
+------+---------+------+
|1     |CARRY8   |     2|
|2     |LUT1     |    90|
|3     |LUT2     |   108|
|4     |LUT3     |   131|
|5     |LUT4     |   132|
|6     |LUT5     |   179|
|7     |LUT6     |   363|
|8     |MUXCY    |    20|
|9     |MUXF7    |    14|
|10    |RAM32M   |     1|
|11    |RAM32M16 |    14|
|12    |RAM64M   |     8|
|13    |RAMB18E1 |     4|
|14    |RAMB36E2 |     2|
|15    |FDCE     |    42|
|16    |FDPE     |    36|
|17    |FDRE     |   822|
|18    |FDSE     |    46|
+------+---------+------+
---------------------------------------------------------------------------------
Finished Writing Synthesis Report : Time (s): cpu = 00:01:03 ; elapsed = 00:01:12 . Memory (MB): peak = 3677.402 ; gain = 956.332 ; free physical = 9400 ; free virtual = 20358
Synthesis current peak Physical Memory [PSS] (MB): peak = 2438.610; parent = 2320.179; children = 137.033
Synthesis current peak Virtual Memory [VSS] (MB): peak = 4702.727; parent = 3677.406; children = 1025.320
---------------------------------------------------------------------------------
Synthesis finished with 0 errors, 0 critical warnings and 2965 warnings.
Synthesis Optimization Runtime : Time (s): cpu = 00:00:54 ; elapsed = 00:01:03 . Memory (MB): peak = 3677.402 ; gain = 879.547 ; free physical = 9425 ; free virtual = 20402
Synthesis Optimization Complete : Time (s): cpu = 00:01:03 ; elapsed = 00:01:12 . Memory (MB): peak = 3677.410 ; gain = 956.332 ; free physical = 9420 ; free virtual = 20400
INFO: [Project 1-571] Translating synthesized netlist
Netlist sorting complete. Time (s): cpu = 00:00:00.06 ; elapsed = 00:00:00.06 . Memory (MB): peak = 3677.410 ; gain = 0.000 ; free physical = 9506 ; free virtual = 20487
INFO: [Netlist 29-17] Analyzing 63 Unisim elements for replacement
INFO: [Netlist 29-28] Unisim Transformation completed in 0 CPU seconds
INFO: [Project 1-570] Preparing netlist for logic optimization
INFO: [Opt 31-138] Pushed 0 inverter(s) to 0 load pin(s).
INFO: [Opt 31-422] The CLOCK_DOMAINS attribute on the BRAM cell inst/gen_upsizer.gen_full_upsizer.axi_upsizer_inst/USE_READ.gen_pktfifo_r_upsizer.pktfifo_read_data_inst/gen_ramb[0].ramb_inst has been changed from INDEPENDENT to COMMON to match the clocking topology used for the BRAM.
INFO: [Opt 31-422] The CLOCK_DOMAINS attribute on the BRAM cell inst/gen_upsizer.gen_full_upsizer.axi_upsizer_inst/USE_READ.gen_pktfifo_r_upsizer.pktfifo_read_data_inst/gen_ramb[1].ramb_inst has been changed from INDEPENDENT to COMMON to match the clocking topology used for the BRAM.
INFO: [Opt 31-422] The CLOCK_DOMAINS attribute on the BRAM cell inst/gen_upsizer.gen_full_upsizer.axi_upsizer_inst/USE_READ.gen_pktfifo_r_upsizer.pktfifo_read_data_inst/gen_ramb[2].ramb_inst has been changed from INDEPENDENT to COMMON to match the clocking topology used for the BRAM.
INFO: [Opt 31-422] The CLOCK_DOMAINS attribute on the BRAM cell inst/gen_upsizer.gen_full_upsizer.axi_upsizer_inst/USE_READ.gen_pktfifo_r_upsizer.pktfifo_read_data_inst/gen_ramb[3].ramb_inst has been changed from INDEPENDENT to COMMON to match the clocking topology used for the BRAM.
INFO: [Opt 31-422] The CLOCK_DOMAINS attribute on the BRAM cell inst/gen_upsizer.gen_full_upsizer.axi_upsizer_inst/USE_WRITE.gen_pktfifo_w_upsizer.pktfifo_write_data_inst/w_buffer/inst_blk_mem_gen/gnbram.gnativebmg.native_blk_mem_gen/valid.cstr/ramloop[0].ram.r/prim_noinit.ram/DEVICE_8SERIES.NO_BMM_INFO.SDP.WIDE_PRIM36_NO_ECC.ram has been changed from INDEPENDENT to COMMON to match the clocking topology used for the BRAM.
INFO: [Opt 31-422] The CLOCK_DOMAINS attribute on the BRAM cell inst/gen_upsizer.gen_full_upsizer.axi_upsizer_inst/USE_WRITE.gen_pktfifo_w_upsizer.pktfifo_write_data_inst/w_buffer/inst_blk_mem_gen/gnbram.gnativebmg.native_blk_mem_gen/valid.cstr/ramloop[1].ram.r/prim_noinit.ram/DEVICE_8SERIES.NO_BMM_INFO.SDP.WIDE_PRIM36_NO_ECC.ram has been changed from INDEPENDENT to COMMON to match the clocking topology used for the BRAM.
Netlist sorting complete. Time (s): cpu = 00:00:00 ; elapsed = 00:00:00 . Memory (MB): peak = 3710.090 ; gain = 0.000 ; free physical = 9330 ; free virtual = 20320
INFO: [Project 1-111] Unisim Transformation Summary:
  A total of 31 instances were transformed.
  (CARRY4) => CARRY8: 4 instances
  RAM32M => RAM32M (RAMD32(x6), RAMS32(x2)): 1 instance 
  RAM32M16 => RAM32M16 (RAMD32(x14), RAMS32(x2)): 14 instances
  RAM64M => RAM64M (RAMD64E(x4)): 8 instances
  RAMB18E1 => RAMB18E2: 4 instances

Synth Design complete, checksum: 1a9e3d8d
INFO: [Common 17-83] Releasing license: Synthesis
106 Infos, 110 Warnings, 0 Critical Warnings and 0 Errors encountered.
synth_design completed successfully
synth_design: Time (s): cpu = 00:01:15 ; elapsed = 00:01:23 . Memory (MB): peak = 3710.090 ; gain = 1886.957 ; free physical = 9580 ; free virtual = 20565
INFO: [Common 17-600] The following parameters have non-default value.
general.maxThreads
INFO: [Common 17-1381] The checkpoint '/media/logictronix/ML_WORKSPACE/Abhidan/Platforms/Workspace/zcu102_dpu_vitis/dpu_system_system_hw_link/Hardware/dpu.build/link/vivado/vpl/prj/prj.runs/design_1_auto_us_df_0_synth_1/design_1_auto_us_df_0.dcp' has been generated.
INFO: [Coretcl 2-1648] Added synthesis output to IP cache for IP design_1_auto_us_df_0, cache-ID = 0fb2ca07eacfdb92
INFO: [Coretcl 2-1174] Renamed 98 cell refs.
INFO: [Common 17-1381] The checkpoint '/media/logictronix/ML_WORKSPACE/Abhidan/Platforms/Workspace/zcu102_dpu_vitis/dpu_system_system_hw_link/Hardware/dpu.build/link/vivado/vpl/prj/prj.runs/design_1_auto_us_df_0_synth_1/design_1_auto_us_df_0.dcp' has been generated.
INFO: [runtcl-4] Executing : report_utilization -file design_1_auto_us_df_0_utilization_synth.rpt -pb design_1_auto_us_df_0_utilization_synth.pb
INFO: [Common 17-206] Exiting Vivado at Fri May 19 13:25:52 2023...
