
*** Running vivado
    with args -log design_1_xbar_0.vds -m64 -product Vivado -mode batch -messageDb vivado.pb -notrace -source design_1_xbar_0.tcl


****** Vivado v2022.2 (64-bit)
  **** SW Build 3671981 on Fri Oct 14 04:59:54 MDT 2022
  **** IP Build 3669848 on Fri Oct 14 08:30:02 MDT 2022
    ** Copyright 1986-2022 Xilinx, Inc. All Rights Reserved.

source design_1_xbar_0.tcl -notrace
INFO: Dispatch client connection id - 44115
create_project: Time (s): cpu = 00:00:07 ; elapsed = 00:00:10 . Memory (MB): peak = 1751.738 ; gain = 84.992 ; free physical = 9079 ; free virtual = 20680
INFO: [IP_Flow 19-234] Refreshing IP repositories
INFO: [IP_Flow 19-1700] Loaded user IP repository '/media/logictronix/ML_WORKSPACE/Abhidan/Platforms/Workspace/zcu102_dpu_vitis/dpu_system_system_hw_link/Hardware/dpu.build/link/int/xo/ip_repo/xilinx_com_RTLKernel_sfm_xrt_top_1_0'.
INFO: [IP_Flow 19-1700] Loaded user IP repository '/media/logictronix/ML_WORKSPACE/Abhidan/Platforms/Workspace/zcu102_dpu_vitis/dpu_system_system_hw_link/Hardware/dpu.build/link/int/xo/ip_repo/xilinx_com_RTLKernel_DPUCZDX8G_1_0'.
INFO: [IP_Flow 19-1700] Loaded user IP repository '/media/logictronix/ML_WORKSPACE/Abhidan/Platforms/Workspace/zcu102_dpu_vitis/dpu_system_system_hw_link/Hardware/dpu.build/link/vivado/vpl/.local/hw_platform/ipcache'.
INFO: [IP_Flow 19-1700] Loaded user IP repository '/media/logictronix/ML_WORKSPACE/Xilinx/Vitis/2022.2/data/ip'.
INFO: [IP_Flow 19-2313] Loaded Vivado IP repository '/media/logictronix/ML_WORKSPACE/Xilinx/Vivado/2022.2/data/ip'.
INFO: [IP_Flow 19-6924] IPCACHE: Running cache check for IP inst: design_1_xbar_0
Command: synth_design -top design_1_xbar_0 -part xczu9eg-ffvb1156-2-e -incremental_mode off -mode out_of_context
Starting synth_design
Attempting to get a license for feature 'Synthesis' and/or device 'xczu9eg'
INFO: [Common 17-349] Got license for feature 'Synthesis' and/or device 'xczu9eg'
INFO: [Device 21-403] Loading part xczu9eg-ffvb1156-2-e
INFO: [Synth 8-7079] Multithreading enabled for synth_design using a maximum of 1 processes.
INFO: [Synth 8-7078] Launching helper process for spawning children vivado processes
INFO: [Synth 8-7075] Helper process launched with PID 13978
INFO: [Synth 8-11241] undeclared symbol 'REGCCE', assumed default net type 'wire' [/media/logictronix/ML_WORKSPACE/Xilinx/Vivado/2022.2/data/verilog/src/unimacro/BRAM_SINGLE_MACRO.v:2170]
---------------------------------------------------------------------------------
Starting RTL Elaboration : Time (s): cpu = 00:00:06 ; elapsed = 00:00:07 . Memory (MB): peak = 2971.285 ; gain = 242.797 ; free physical = 7311 ; free virtual = 19033
Synthesis current peak Physical Memory [PSS] (MB): peak = 2335.484; parent = 2135.608; children = 199.876
Synthesis current peak Virtual Memory [VSS] (MB): peak = 3963.402; parent = 2978.227; children = 985.176
---------------------------------------------------------------------------------
INFO: [Synth 8-6157] synthesizing module 'design_1_xbar_0' [/media/logictronix/ML_WORKSPACE/Abhidan/Platforms/Workspace/zcu102_dpu_vitis/dpu_system_system_hw_link/Hardware/dpu.build/link/vivado/vpl/prj/prj.gen/sources_1/bd/design_1/ip/design_1_xbar_0/synth/design_1_xbar_0.v:53]
INFO: [Synth 8-6157] synthesizing module 'axi_crossbar_v2_1_28_axi_crossbar' [/media/logictronix/ML_WORKSPACE/Abhidan/Platforms/Workspace/zcu102_dpu_vitis/dpu_system_system_hw_link/Hardware/dpu.build/link/vivado/vpl/prj/prj.gen/sources_1/bd/design_1/ipshared/c40e/hdl/axi_crossbar_v2_1_vl_rfs.v:4883]
INFO: [Synth 8-6157] synthesizing module 'axi_crossbar_v2_1_28_crossbar_sasd' [/media/logictronix/ML_WORKSPACE/Abhidan/Platforms/Workspace/zcu102_dpu_vitis/dpu_system_system_hw_link/Hardware/dpu.build/link/vivado/vpl/prj/prj.gen/sources_1/bd/design_1/ipshared/c40e/hdl/axi_crossbar_v2_1_vl_rfs.v:1239]
INFO: [Synth 8-6157] synthesizing module 'axi_crossbar_v2_1_28_addr_decoder' [/media/logictronix/ML_WORKSPACE/Abhidan/Platforms/Workspace/zcu102_dpu_vitis/dpu_system_system_hw_link/Hardware/dpu.build/link/vivado/vpl/prj/prj.gen/sources_1/bd/design_1/ipshared/c40e/hdl/axi_crossbar_v2_1_vl_rfs.v:793]
INFO: [Synth 8-6157] synthesizing module 'generic_baseblocks_v2_1_0_comparator_static' [/media/logictronix/ML_WORKSPACE/Abhidan/Platforms/Workspace/zcu102_dpu_vitis/dpu_system_system_hw_link/Hardware/dpu.build/link/vivado/vpl/prj/prj.gen/sources_1/bd/design_1/ipshared/b752/hdl/generic_baseblocks_v2_1_vl_rfs.v:2132]
INFO: [Synth 8-6157] synthesizing module 'generic_baseblocks_v2_1_0_carry_and' [/media/logictronix/ML_WORKSPACE/Abhidan/Platforms/Workspace/zcu102_dpu_vitis/dpu_system_system_hw_link/Hardware/dpu.build/link/vivado/vpl/prj/prj.gen/sources_1/bd/design_1/ipshared/b752/hdl/generic_baseblocks_v2_1_vl_rfs.v:61]
INFO: [Synth 8-6155] done synthesizing module 'generic_baseblocks_v2_1_0_carry_and' (0#1) [/media/logictronix/ML_WORKSPACE/Abhidan/Platforms/Workspace/zcu102_dpu_vitis/dpu_system_system_hw_link/Hardware/dpu.build/link/vivado/vpl/prj/prj.gen/sources_1/bd/design_1/ipshared/b752/hdl/generic_baseblocks_v2_1_vl_rfs.v:61]
INFO: [Synth 8-6155] done synthesizing module 'generic_baseblocks_v2_1_0_comparator_static' (0#1) [/media/logictronix/ML_WORKSPACE/Abhidan/Platforms/Workspace/zcu102_dpu_vitis/dpu_system_system_hw_link/Hardware/dpu.build/link/vivado/vpl/prj/prj.gen/sources_1/bd/design_1/ipshared/b752/hdl/generic_baseblocks_v2_1_vl_rfs.v:2132]
INFO: [Synth 8-6157] synthesizing module 'generic_baseblocks_v2_1_0_comparator_static__parameterized0' [/media/logictronix/ML_WORKSPACE/Abhidan/Platforms/Workspace/zcu102_dpu_vitis/dpu_system_system_hw_link/Hardware/dpu.build/link/vivado/vpl/prj/prj.gen/sources_1/bd/design_1/ipshared/b752/hdl/generic_baseblocks_v2_1_vl_rfs.v:2132]
INFO: [Synth 8-6155] done synthesizing module 'generic_baseblocks_v2_1_0_comparator_static__parameterized0' (0#1) [/media/logictronix/ML_WORKSPACE/Abhidan/Platforms/Workspace/zcu102_dpu_vitis/dpu_system_system_hw_link/Hardware/dpu.build/link/vivado/vpl/prj/prj.gen/sources_1/bd/design_1/ipshared/b752/hdl/generic_baseblocks_v2_1_vl_rfs.v:2132]
INFO: [Synth 8-6157] synthesizing module 'generic_baseblocks_v2_1_0_comparator_static__parameterized1' [/media/logictronix/ML_WORKSPACE/Abhidan/Platforms/Workspace/zcu102_dpu_vitis/dpu_system_system_hw_link/Hardware/dpu.build/link/vivado/vpl/prj/prj.gen/sources_1/bd/design_1/ipshared/b752/hdl/generic_baseblocks_v2_1_vl_rfs.v:2132]
INFO: [Synth 8-6155] done synthesizing module 'generic_baseblocks_v2_1_0_comparator_static__parameterized1' (0#1) [/media/logictronix/ML_WORKSPACE/Abhidan/Platforms/Workspace/zcu102_dpu_vitis/dpu_system_system_hw_link/Hardware/dpu.build/link/vivado/vpl/prj/prj.gen/sources_1/bd/design_1/ipshared/b752/hdl/generic_baseblocks_v2_1_vl_rfs.v:2132]
INFO: [Synth 8-6157] synthesizing module 'generic_baseblocks_v2_1_0_comparator_static__parameterized2' [/media/logictronix/ML_WORKSPACE/Abhidan/Platforms/Workspace/zcu102_dpu_vitis/dpu_system_system_hw_link/Hardware/dpu.build/link/vivado/vpl/prj/prj.gen/sources_1/bd/design_1/ipshared/b752/hdl/generic_baseblocks_v2_1_vl_rfs.v:2132]
INFO: [Synth 8-6155] done synthesizing module 'generic_baseblocks_v2_1_0_comparator_static__parameterized2' (0#1) [/media/logictronix/ML_WORKSPACE/Abhidan/Platforms/Workspace/zcu102_dpu_vitis/dpu_system_system_hw_link/Hardware/dpu.build/link/vivado/vpl/prj/prj.gen/sources_1/bd/design_1/ipshared/b752/hdl/generic_baseblocks_v2_1_vl_rfs.v:2132]
INFO: [Synth 8-6155] done synthesizing module 'axi_crossbar_v2_1_28_addr_decoder' (0#1) [/media/logictronix/ML_WORKSPACE/Abhidan/Platforms/Workspace/zcu102_dpu_vitis/dpu_system_system_hw_link/Hardware/dpu.build/link/vivado/vpl/prj/prj.gen/sources_1/bd/design_1/ipshared/c40e/hdl/axi_crossbar_v2_1_vl_rfs.v:793]
INFO: [Synth 8-6157] synthesizing module 'axi_crossbar_v2_1_28_decerr_slave' [/media/logictronix/ML_WORKSPACE/Abhidan/Platforms/Workspace/zcu102_dpu_vitis/dpu_system_system_hw_link/Hardware/dpu.build/link/vivado/vpl/prj/prj.gen/sources_1/bd/design_1/ipshared/c40e/hdl/axi_crossbar_v2_1_vl_rfs.v:3500]
INFO: [Synth 8-6155] done synthesizing module 'axi_crossbar_v2_1_28_decerr_slave' (0#1) [/media/logictronix/ML_WORKSPACE/Abhidan/Platforms/Workspace/zcu102_dpu_vitis/dpu_system_system_hw_link/Hardware/dpu.build/link/vivado/vpl/prj/prj.gen/sources_1/bd/design_1/ipshared/c40e/hdl/axi_crossbar_v2_1_vl_rfs.v:3500]
INFO: [Synth 8-6157] synthesizing module 'axi_crossbar_v2_1_28_addr_arbiter_sasd' [/media/logictronix/ML_WORKSPACE/Abhidan/Platforms/Workspace/zcu102_dpu_vitis/dpu_system_system_hw_link/Hardware/dpu.build/link/vivado/vpl/prj/prj.gen/sources_1/bd/design_1/ipshared/c40e/hdl/axi_crossbar_v2_1_vl_rfs.v:64]
INFO: [Synth 8-6155] done synthesizing module 'axi_crossbar_v2_1_28_addr_arbiter_sasd' (0#1) [/media/logictronix/ML_WORKSPACE/Abhidan/Platforms/Workspace/zcu102_dpu_vitis/dpu_system_system_hw_link/Hardware/dpu.build/link/vivado/vpl/prj/prj.gen/sources_1/bd/design_1/ipshared/c40e/hdl/axi_crossbar_v2_1_vl_rfs.v:64]
INFO: [Synth 8-6157] synthesizing module 'axi_crossbar_v2_1_28_splitter' [/media/logictronix/ML_WORKSPACE/Abhidan/Platforms/Workspace/zcu102_dpu_vitis/dpu_system_system_hw_link/Hardware/dpu.build/link/vivado/vpl/prj/prj.gen/sources_1/bd/design_1/ipshared/c40e/hdl/axi_crossbar_v2_1_vl_rfs.v:4460]
INFO: [Synth 8-6155] done synthesizing module 'axi_crossbar_v2_1_28_splitter' (0#1) [/media/logictronix/ML_WORKSPACE/Abhidan/Platforms/Workspace/zcu102_dpu_vitis/dpu_system_system_hw_link/Hardware/dpu.build/link/vivado/vpl/prj/prj.gen/sources_1/bd/design_1/ipshared/c40e/hdl/axi_crossbar_v2_1_vl_rfs.v:4460]
INFO: [Synth 8-6157] synthesizing module 'axi_crossbar_v2_1_28_splitter__parameterized0' [/media/logictronix/ML_WORKSPACE/Abhidan/Platforms/Workspace/zcu102_dpu_vitis/dpu_system_system_hw_link/Hardware/dpu.build/link/vivado/vpl/prj/prj.gen/sources_1/bd/design_1/ipshared/c40e/hdl/axi_crossbar_v2_1_vl_rfs.v:4460]
INFO: [Synth 8-6155] done synthesizing module 'axi_crossbar_v2_1_28_splitter__parameterized0' (0#1) [/media/logictronix/ML_WORKSPACE/Abhidan/Platforms/Workspace/zcu102_dpu_vitis/dpu_system_system_hw_link/Hardware/dpu.build/link/vivado/vpl/prj/prj.gen/sources_1/bd/design_1/ipshared/c40e/hdl/axi_crossbar_v2_1_vl_rfs.v:4460]
INFO: [Synth 8-6157] synthesizing module 'generic_baseblocks_v2_1_0_mux_enc' [/media/logictronix/ML_WORKSPACE/Abhidan/Platforms/Workspace/zcu102_dpu_vitis/dpu_system_system_hw_link/Hardware/dpu.build/link/vivado/vpl/prj/prj.gen/sources_1/bd/design_1/ipshared/b752/hdl/generic_baseblocks_v2_1_vl_rfs.v:2451]
INFO: [Synth 8-6155] done synthesizing module 'generic_baseblocks_v2_1_0_mux_enc' (0#1) [/media/logictronix/ML_WORKSPACE/Abhidan/Platforms/Workspace/zcu102_dpu_vitis/dpu_system_system_hw_link/Hardware/dpu.build/link/vivado/vpl/prj/prj.gen/sources_1/bd/design_1/ipshared/b752/hdl/generic_baseblocks_v2_1_vl_rfs.v:2451]
INFO: [Synth 8-6157] synthesizing module 'generic_baseblocks_v2_1_0_mux_enc__parameterized0' [/media/logictronix/ML_WORKSPACE/Abhidan/Platforms/Workspace/zcu102_dpu_vitis/dpu_system_system_hw_link/Hardware/dpu.build/link/vivado/vpl/prj/prj.gen/sources_1/bd/design_1/ipshared/b752/hdl/generic_baseblocks_v2_1_vl_rfs.v:2451]
INFO: [Synth 8-6155] done synthesizing module 'generic_baseblocks_v2_1_0_mux_enc__parameterized0' (0#1) [/media/logictronix/ML_WORKSPACE/Abhidan/Platforms/Workspace/zcu102_dpu_vitis/dpu_system_system_hw_link/Hardware/dpu.build/link/vivado/vpl/prj/prj.gen/sources_1/bd/design_1/ipshared/b752/hdl/generic_baseblocks_v2_1_vl_rfs.v:2451]
INFO: [Synth 8-6157] synthesizing module 'generic_baseblocks_v2_1_0_mux_enc__parameterized1' [/media/logictronix/ML_WORKSPACE/Abhidan/Platforms/Workspace/zcu102_dpu_vitis/dpu_system_system_hw_link/Hardware/dpu.build/link/vivado/vpl/prj/prj.gen/sources_1/bd/design_1/ipshared/b752/hdl/generic_baseblocks_v2_1_vl_rfs.v:2451]
INFO: [Synth 8-6155] done synthesizing module 'generic_baseblocks_v2_1_0_mux_enc__parameterized1' (0#1) [/media/logictronix/ML_WORKSPACE/Abhidan/Platforms/Workspace/zcu102_dpu_vitis/dpu_system_system_hw_link/Hardware/dpu.build/link/vivado/vpl/prj/prj.gen/sources_1/bd/design_1/ipshared/b752/hdl/generic_baseblocks_v2_1_vl_rfs.v:2451]
INFO: [Synth 8-6157] synthesizing module 'axi_register_slice_v2_1_27_axic_register_slice' [/media/logictronix/ML_WORKSPACE/Abhidan/Platforms/Workspace/zcu102_dpu_vitis/dpu_system_system_hw_link/Hardware/dpu.build/link/vivado/vpl/prj/prj.gen/sources_1/bd/design_1/ipshared/f0b4/hdl/axi_register_slice_v2_1_vl_rfs.v:1497]
INFO: [Synth 8-6155] done synthesizing module 'axi_register_slice_v2_1_27_axic_register_slice' (0#1) [/media/logictronix/ML_WORKSPACE/Abhidan/Platforms/Workspace/zcu102_dpu_vitis/dpu_system_system_hw_link/Hardware/dpu.build/link/vivado/vpl/prj/prj.gen/sources_1/bd/design_1/ipshared/f0b4/hdl/axi_register_slice_v2_1_vl_rfs.v:1497]
INFO: [Synth 8-6157] synthesizing module 'generic_baseblocks_v2_1_0_mux_enc__parameterized2' [/media/logictronix/ML_WORKSPACE/Abhidan/Platforms/Workspace/zcu102_dpu_vitis/dpu_system_system_hw_link/Hardware/dpu.build/link/vivado/vpl/prj/prj.gen/sources_1/bd/design_1/ipshared/b752/hdl/generic_baseblocks_v2_1_vl_rfs.v:2451]
INFO: [Synth 8-6155] done synthesizing module 'generic_baseblocks_v2_1_0_mux_enc__parameterized2' (0#1) [/media/logictronix/ML_WORKSPACE/Abhidan/Platforms/Workspace/zcu102_dpu_vitis/dpu_system_system_hw_link/Hardware/dpu.build/link/vivado/vpl/prj/prj.gen/sources_1/bd/design_1/ipshared/b752/hdl/generic_baseblocks_v2_1_vl_rfs.v:2451]
INFO: [Synth 8-6155] done synthesizing module 'axi_crossbar_v2_1_28_crossbar_sasd' (0#1) [/media/logictronix/ML_WORKSPACE/Abhidan/Platforms/Workspace/zcu102_dpu_vitis/dpu_system_system_hw_link/Hardware/dpu.build/link/vivado/vpl/prj/prj.gen/sources_1/bd/design_1/ipshared/c40e/hdl/axi_crossbar_v2_1_vl_rfs.v:1239]
INFO: [Synth 8-6155] done synthesizing module 'axi_crossbar_v2_1_28_axi_crossbar' (0#1) [/media/logictronix/ML_WORKSPACE/Abhidan/Platforms/Workspace/zcu102_dpu_vitis/dpu_system_system_hw_link/Hardware/dpu.build/link/vivado/vpl/prj/prj.gen/sources_1/bd/design_1/ipshared/c40e/hdl/axi_crossbar_v2_1_vl_rfs.v:4883]
INFO: [Synth 8-6155] done synthesizing module 'design_1_xbar_0' (0#1) [/media/logictronix/ML_WORKSPACE/Abhidan/Platforms/Workspace/zcu102_dpu_vitis/dpu_system_system_hw_link/Hardware/dpu.build/link/vivado/vpl/prj/prj.gen/sources_1/bd/design_1/ip/design_1_xbar_0/synth/design_1_xbar_0.v:53]
WARNING: [Synth 8-6014] Unused sequential element gen_debug_trans_seq.debug_aw_trans_seq_i_reg was removed.  [/media/logictronix/ML_WORKSPACE/Abhidan/Platforms/Workspace/zcu102_dpu_vitis/dpu_system_system_hw_link/Hardware/dpu.build/link/vivado/vpl/prj/prj.gen/sources_1/bd/design_1/ipshared/c40e/hdl/axi_crossbar_v2_1_vl_rfs.v:2056]
WARNING: [Synth 8-6014] Unused sequential element gen_debug_trans_seq.debug_ar_trans_seq_i_reg was removed.  [/media/logictronix/ML_WORKSPACE/Abhidan/Platforms/Workspace/zcu102_dpu_vitis/dpu_system_system_hw_link/Hardware/dpu.build/link/vivado/vpl/prj/prj.gen/sources_1/bd/design_1/ipshared/c40e/hdl/axi_crossbar_v2_1_vl_rfs.v:2067]
WARNING: [Synth 8-6014] Unused sequential element gen_debug_trans_seq.debug_w_beat_cnt_i_reg was removed.  [/media/logictronix/ML_WORKSPACE/Abhidan/Platforms/Workspace/zcu102_dpu_vitis/dpu_system_system_hw_link/Hardware/dpu.build/link/vivado/vpl/prj/prj.gen/sources_1/bd/design_1/ipshared/c40e/hdl/axi_crossbar_v2_1_vl_rfs.v:2078]
WARNING: [Synth 8-6014] Unused sequential element gen_debug_trans_seq.debug_r_beat_cnt_i_reg was removed.  [/media/logictronix/ML_WORKSPACE/Abhidan/Platforms/Workspace/zcu102_dpu_vitis/dpu_system_system_hw_link/Hardware/dpu.build/link/vivado/vpl/prj/prj.gen/sources_1/bd/design_1/ipshared/c40e/hdl/axi_crossbar_v2_1_vl_rfs.v:2091]
WARNING: [Synth 8-7129] Port S[0] in module generic_baseblocks_v2_1_0_mux_enc__parameterized0 is either unconnected or has no load
WARNING: [Synth 8-7129] Port S_AXI_AWID[0] in module axi_crossbar_v2_1_28_decerr_slave is either unconnected or has no load
WARNING: [Synth 8-7129] Port S_AXI_WLAST in module axi_crossbar_v2_1_28_decerr_slave is either unconnected or has no load
WARNING: [Synth 8-7129] Port S_AXI_ARID[0] in module axi_crossbar_v2_1_28_decerr_slave is either unconnected or has no load
WARNING: [Synth 8-7129] Port S_AXI_ARLEN[7] in module axi_crossbar_v2_1_28_decerr_slave is either unconnected or has no load
WARNING: [Synth 8-7129] Port S_AXI_ARLEN[6] in module axi_crossbar_v2_1_28_decerr_slave is either unconnected or has no load
WARNING: [Synth 8-7129] Port S_AXI_ARLEN[5] in module axi_crossbar_v2_1_28_decerr_slave is either unconnected or has no load
WARNING: [Synth 8-7129] Port S_AXI_ARLEN[4] in module axi_crossbar_v2_1_28_decerr_slave is either unconnected or has no load
WARNING: [Synth 8-7129] Port S_AXI_ARLEN[3] in module axi_crossbar_v2_1_28_decerr_slave is either unconnected or has no load
WARNING: [Synth 8-7129] Port S_AXI_ARLEN[2] in module axi_crossbar_v2_1_28_decerr_slave is either unconnected or has no load
WARNING: [Synth 8-7129] Port S_AXI_ARLEN[1] in module axi_crossbar_v2_1_28_decerr_slave is either unconnected or has no load
WARNING: [Synth 8-7129] Port S_AXI_ARLEN[0] in module axi_crossbar_v2_1_28_decerr_slave is either unconnected or has no load
WARNING: [Synth 8-7129] Port ADDR[1] in module axi_crossbar_v2_1_28_addr_decoder is either unconnected or has no load
WARNING: [Synth 8-7129] Port ADDR[0] in module axi_crossbar_v2_1_28_addr_decoder is either unconnected or has no load
WARNING: [Synth 8-7129] Port M_AXI_BID[3] in module axi_crossbar_v2_1_28_crossbar_sasd is either unconnected or has no load
WARNING: [Synth 8-7129] Port M_AXI_BID[2] in module axi_crossbar_v2_1_28_crossbar_sasd is either unconnected or has no load
WARNING: [Synth 8-7129] Port M_AXI_BID[1] in module axi_crossbar_v2_1_28_crossbar_sasd is either unconnected or has no load
WARNING: [Synth 8-7129] Port M_AXI_BID[0] in module axi_crossbar_v2_1_28_crossbar_sasd is either unconnected or has no load
WARNING: [Synth 8-7129] Port M_AXI_RID[3] in module axi_crossbar_v2_1_28_crossbar_sasd is either unconnected or has no load
WARNING: [Synth 8-7129] Port M_AXI_RID[2] in module axi_crossbar_v2_1_28_crossbar_sasd is either unconnected or has no load
WARNING: [Synth 8-7129] Port M_AXI_RID[1] in module axi_crossbar_v2_1_28_crossbar_sasd is either unconnected or has no load
WARNING: [Synth 8-7129] Port M_AXI_RID[0] in module axi_crossbar_v2_1_28_crossbar_sasd is either unconnected or has no load
WARNING: [Synth 8-7129] Port s_axi_awid[0] in module axi_crossbar_v2_1_28_axi_crossbar is either unconnected or has no load
WARNING: [Synth 8-7129] Port s_axi_awlen[7] in module axi_crossbar_v2_1_28_axi_crossbar is either unconnected or has no load
WARNING: [Synth 8-7129] Port s_axi_awlen[6] in module axi_crossbar_v2_1_28_axi_crossbar is either unconnected or has no load
WARNING: [Synth 8-7129] Port s_axi_awlen[5] in module axi_crossbar_v2_1_28_axi_crossbar is either unconnected or has no load
WARNING: [Synth 8-7129] Port s_axi_awlen[4] in module axi_crossbar_v2_1_28_axi_crossbar is either unconnected or has no load
WARNING: [Synth 8-7129] Port s_axi_awlen[3] in module axi_crossbar_v2_1_28_axi_crossbar is either unconnected or has no load
WARNING: [Synth 8-7129] Port s_axi_awlen[2] in module axi_crossbar_v2_1_28_axi_crossbar is either unconnected or has no load
WARNING: [Synth 8-7129] Port s_axi_awlen[1] in module axi_crossbar_v2_1_28_axi_crossbar is either unconnected or has no load
WARNING: [Synth 8-7129] Port s_axi_awlen[0] in module axi_crossbar_v2_1_28_axi_crossbar is either unconnected or has no load
WARNING: [Synth 8-7129] Port s_axi_awsize[2] in module axi_crossbar_v2_1_28_axi_crossbar is either unconnected or has no load
WARNING: [Synth 8-7129] Port s_axi_awsize[1] in module axi_crossbar_v2_1_28_axi_crossbar is either unconnected or has no load
WARNING: [Synth 8-7129] Port s_axi_awsize[0] in module axi_crossbar_v2_1_28_axi_crossbar is either unconnected or has no load
WARNING: [Synth 8-7129] Port s_axi_awburst[1] in module axi_crossbar_v2_1_28_axi_crossbar is either unconnected or has no load
WARNING: [Synth 8-7129] Port s_axi_awburst[0] in module axi_crossbar_v2_1_28_axi_crossbar is either unconnected or has no load
WARNING: [Synth 8-7129] Port s_axi_awlock[0] in module axi_crossbar_v2_1_28_axi_crossbar is either unconnected or has no load
WARNING: [Synth 8-7129] Port s_axi_awcache[3] in module axi_crossbar_v2_1_28_axi_crossbar is either unconnected or has no load
WARNING: [Synth 8-7129] Port s_axi_awcache[2] in module axi_crossbar_v2_1_28_axi_crossbar is either unconnected or has no load
WARNING: [Synth 8-7129] Port s_axi_awcache[1] in module axi_crossbar_v2_1_28_axi_crossbar is either unconnected or has no load
WARNING: [Synth 8-7129] Port s_axi_awcache[0] in module axi_crossbar_v2_1_28_axi_crossbar is either unconnected or has no load
WARNING: [Synth 8-7129] Port s_axi_awqos[3] in module axi_crossbar_v2_1_28_axi_crossbar is either unconnected or has no load
WARNING: [Synth 8-7129] Port s_axi_awqos[2] in module axi_crossbar_v2_1_28_axi_crossbar is either unconnected or has no load
WARNING: [Synth 8-7129] Port s_axi_awqos[1] in module axi_crossbar_v2_1_28_axi_crossbar is either unconnected or has no load
WARNING: [Synth 8-7129] Port s_axi_awqos[0] in module axi_crossbar_v2_1_28_axi_crossbar is either unconnected or has no load
WARNING: [Synth 8-7129] Port s_axi_awuser[0] in module axi_crossbar_v2_1_28_axi_crossbar is either unconnected or has no load
WARNING: [Synth 8-7129] Port s_axi_wid[0] in module axi_crossbar_v2_1_28_axi_crossbar is either unconnected or has no load
WARNING: [Synth 8-7129] Port s_axi_wlast[0] in module axi_crossbar_v2_1_28_axi_crossbar is either unconnected or has no load
WARNING: [Synth 8-7129] Port s_axi_wuser[0] in module axi_crossbar_v2_1_28_axi_crossbar is either unconnected or has no load
WARNING: [Synth 8-7129] Port s_axi_arid[0] in module axi_crossbar_v2_1_28_axi_crossbar is either unconnected or has no load
WARNING: [Synth 8-7129] Port s_axi_arlen[7] in module axi_crossbar_v2_1_28_axi_crossbar is either unconnected or has no load
WARNING: [Synth 8-7129] Port s_axi_arlen[6] in module axi_crossbar_v2_1_28_axi_crossbar is either unconnected or has no load
WARNING: [Synth 8-7129] Port s_axi_arlen[5] in module axi_crossbar_v2_1_28_axi_crossbar is either unconnected or has no load
WARNING: [Synth 8-7129] Port s_axi_arlen[4] in module axi_crossbar_v2_1_28_axi_crossbar is either unconnected or has no load
WARNING: [Synth 8-7129] Port s_axi_arlen[3] in module axi_crossbar_v2_1_28_axi_crossbar is either unconnected or has no load
WARNING: [Synth 8-7129] Port s_axi_arlen[2] in module axi_crossbar_v2_1_28_axi_crossbar is either unconnected or has no load
WARNING: [Synth 8-7129] Port s_axi_arlen[1] in module axi_crossbar_v2_1_28_axi_crossbar is either unconnected or has no load
WARNING: [Synth 8-7129] Port s_axi_arlen[0] in module axi_crossbar_v2_1_28_axi_crossbar is either unconnected or has no load
WARNING: [Synth 8-7129] Port s_axi_arsize[2] in module axi_crossbar_v2_1_28_axi_crossbar is either unconnected or has no load
WARNING: [Synth 8-7129] Port s_axi_arsize[1] in module axi_crossbar_v2_1_28_axi_crossbar is either unconnected or has no load
WARNING: [Synth 8-7129] Port s_axi_arsize[0] in module axi_crossbar_v2_1_28_axi_crossbar is either unconnected or has no load
WARNING: [Synth 8-7129] Port s_axi_arburst[1] in module axi_crossbar_v2_1_28_axi_crossbar is either unconnected or has no load
WARNING: [Synth 8-7129] Port s_axi_arburst[0] in module axi_crossbar_v2_1_28_axi_crossbar is either unconnected or has no load
WARNING: [Synth 8-7129] Port s_axi_arlock[0] in module axi_crossbar_v2_1_28_axi_crossbar is either unconnected or has no load
WARNING: [Synth 8-7129] Port s_axi_arcache[3] in module axi_crossbar_v2_1_28_axi_crossbar is either unconnected or has no load
WARNING: [Synth 8-7129] Port s_axi_arcache[2] in module axi_crossbar_v2_1_28_axi_crossbar is either unconnected or has no load
WARNING: [Synth 8-7129] Port s_axi_arcache[1] in module axi_crossbar_v2_1_28_axi_crossbar is either unconnected or has no load
WARNING: [Synth 8-7129] Port s_axi_arcache[0] in module axi_crossbar_v2_1_28_axi_crossbar is either unconnected or has no load
WARNING: [Synth 8-7129] Port s_axi_arqos[3] in module axi_crossbar_v2_1_28_axi_crossbar is either unconnected or has no load
WARNING: [Synth 8-7129] Port s_axi_arqos[2] in module axi_crossbar_v2_1_28_axi_crossbar is either unconnected or has no load
WARNING: [Synth 8-7129] Port s_axi_arqos[1] in module axi_crossbar_v2_1_28_axi_crossbar is either unconnected or has no load
WARNING: [Synth 8-7129] Port s_axi_arqos[0] in module axi_crossbar_v2_1_28_axi_crossbar is either unconnected or has no load
WARNING: [Synth 8-7129] Port s_axi_aruser[0] in module axi_crossbar_v2_1_28_axi_crossbar is either unconnected or has no load
WARNING: [Synth 8-7129] Port m_axi_bid[3] in module axi_crossbar_v2_1_28_axi_crossbar is either unconnected or has no load
WARNING: [Synth 8-7129] Port m_axi_bid[2] in module axi_crossbar_v2_1_28_axi_crossbar is either unconnected or has no load
WARNING: [Synth 8-7129] Port m_axi_bid[1] in module axi_crossbar_v2_1_28_axi_crossbar is either unconnected or has no load
WARNING: [Synth 8-7129] Port m_axi_bid[0] in module axi_crossbar_v2_1_28_axi_crossbar is either unconnected or has no load
WARNING: [Synth 8-7129] Port m_axi_buser[3] in module axi_crossbar_v2_1_28_axi_crossbar is either unconnected or has no load
WARNING: [Synth 8-7129] Port m_axi_buser[2] in module axi_crossbar_v2_1_28_axi_crossbar is either unconnected or has no load
WARNING: [Synth 8-7129] Port m_axi_buser[1] in module axi_crossbar_v2_1_28_axi_crossbar is either unconnected or has no load
WARNING: [Synth 8-7129] Port m_axi_buser[0] in module axi_crossbar_v2_1_28_axi_crossbar is either unconnected or has no load
WARNING: [Synth 8-7129] Port m_axi_rid[3] in module axi_crossbar_v2_1_28_axi_crossbar is either unconnected or has no load
WARNING: [Synth 8-7129] Port m_axi_rid[2] in module axi_crossbar_v2_1_28_axi_crossbar is either unconnected or has no load
WARNING: [Synth 8-7129] Port m_axi_rid[1] in module axi_crossbar_v2_1_28_axi_crossbar is either unconnected or has no load
WARNING: [Synth 8-7129] Port m_axi_rid[0] in module axi_crossbar_v2_1_28_axi_crossbar is either unconnected or has no load
WARNING: [Synth 8-7129] Port m_axi_rlast[3] in module axi_crossbar_v2_1_28_axi_crossbar is either unconnected or has no load
WARNING: [Synth 8-7129] Port m_axi_rlast[2] in module axi_crossbar_v2_1_28_axi_crossbar is either unconnected or has no load
WARNING: [Synth 8-7129] Port m_axi_rlast[1] in module axi_crossbar_v2_1_28_axi_crossbar is either unconnected or has no load
WARNING: [Synth 8-7129] Port m_axi_rlast[0] in module axi_crossbar_v2_1_28_axi_crossbar is either unconnected or has no load
WARNING: [Synth 8-7129] Port m_axi_ruser[3] in module axi_crossbar_v2_1_28_axi_crossbar is either unconnected or has no load
WARNING: [Synth 8-7129] Port m_axi_ruser[2] in module axi_crossbar_v2_1_28_axi_crossbar is either unconnected or has no load
WARNING: [Synth 8-7129] Port m_axi_ruser[1] in module axi_crossbar_v2_1_28_axi_crossbar is either unconnected or has no load
WARNING: [Synth 8-7129] Port m_axi_ruser[0] in module axi_crossbar_v2_1_28_axi_crossbar is either unconnected or has no load
---------------------------------------------------------------------------------
Finished RTL Elaboration : Time (s): cpu = 00:00:10 ; elapsed = 00:00:13 . Memory (MB): peak = 3148.191 ; gain = 419.703 ; free physical = 7227 ; free virtual = 18953
Synthesis current peak Physical Memory [PSS] (MB): peak = 2452.487; parent = 2252.623; children = 199.876
Synthesis current peak Virtual Memory [VSS] (MB): peak = 4133.371; parent = 3148.195; children = 985.176
---------------------------------------------------------------------------------
---------------------------------------------------------------------------------
Start Handling Custom Attributes
---------------------------------------------------------------------------------
---------------------------------------------------------------------------------
Finished Handling Custom Attributes : Time (s): cpu = 00:00:10 ; elapsed = 00:00:13 . Memory (MB): peak = 3166.004 ; gain = 437.516 ; free physical = 7223 ; free virtual = 18949
Synthesis current peak Physical Memory [PSS] (MB): peak = 2452.487; parent = 2252.623; children = 199.876
Synthesis current peak Virtual Memory [VSS] (MB): peak = 4151.184; parent = 3166.008; children = 985.176
---------------------------------------------------------------------------------
---------------------------------------------------------------------------------
Finished RTL Optimization Phase 1 : Time (s): cpu = 00:00:10 ; elapsed = 00:00:13 . Memory (MB): peak = 3166.004 ; gain = 437.516 ; free physical = 7222 ; free virtual = 18948
Synthesis current peak Physical Memory [PSS] (MB): peak = 2452.487; parent = 2252.623; children = 199.876
Synthesis current peak Virtual Memory [VSS] (MB): peak = 4151.184; parent = 3166.008; children = 985.176
---------------------------------------------------------------------------------
Netlist sorting complete. Time (s): cpu = 00:00:00.01 ; elapsed = 00:00:00.02 . Memory (MB): peak = 3166.004 ; gain = 0.000 ; free physical = 7211 ; free virtual = 18937
INFO: [Project 1-570] Preparing netlist for logic optimization

Processing XDC Constraints
Initializing timing engine
Parsing XDC File [/media/logictronix/ML_WORKSPACE/Abhidan/Platforms/Workspace/zcu102_dpu_vitis/dpu_system_system_hw_link/Hardware/dpu.build/link/vivado/vpl/prj/prj.gen/sources_1/bd/design_1/ip/design_1_xbar_0/design_1_xbar_0_ooc.xdc] for cell 'inst'
Finished Parsing XDC File [/media/logictronix/ML_WORKSPACE/Abhidan/Platforms/Workspace/zcu102_dpu_vitis/dpu_system_system_hw_link/Hardware/dpu.build/link/vivado/vpl/prj/prj.gen/sources_1/bd/design_1/ip/design_1_xbar_0/design_1_xbar_0_ooc.xdc] for cell 'inst'
Parsing XDC File [/media/logictronix/ML_WORKSPACE/Abhidan/Platforms/Workspace/zcu102_dpu_vitis/dpu_system_system_hw_link/Hardware/dpu.build/link/vivado/vpl/prj/prj.runs/design_1_xbar_0_synth_1/dont_touch.xdc]
Finished Parsing XDC File [/media/logictronix/ML_WORKSPACE/Abhidan/Platforms/Workspace/zcu102_dpu_vitis/dpu_system_system_hw_link/Hardware/dpu.build/link/vivado/vpl/prj/prj.runs/design_1_xbar_0_synth_1/dont_touch.xdc]
Completed Processing XDC Constraints

Netlist sorting complete. Time (s): cpu = 00:00:00 ; elapsed = 00:00:00 . Memory (MB): peak = 3238.695 ; gain = 0.000 ; free physical = 6859 ; free virtual = 18677
INFO: [Project 1-111] Unisim Transformation Summary:
No Unisim elements were transformed.

Constraint Validation Runtime : Time (s): cpu = 00:00:00.04 ; elapsed = 00:00:00.04 . Memory (MB): peak = 3238.695 ; gain = 0.000 ; free physical = 6855 ; free virtual = 18676
INFO: [Designutils 20-5008] Incremental synthesis strategy off
INFO: [Synth 8-11241] undeclared symbol 'REGCCE', assumed default net type 'wire' [/media/logictronix/ML_WORKSPACE/Xilinx/Vivado/2022.2/data/verilog/src/unimacro/BRAM_SINGLE_MACRO.v:2170]
---------------------------------------------------------------------------------
Finished Constraint Validation : Time (s): cpu = 00:00:21 ; elapsed = 00:00:24 . Memory (MB): peak = 3238.695 ; gain = 510.207 ; free physical = 6795 ; free virtual = 18813
Synthesis current peak Physical Memory [PSS] (MB): peak = 2452.487; parent = 2252.623; children = 199.876
Synthesis current peak Virtual Memory [VSS] (MB): peak = 4223.875; parent = 3238.699; children = 985.176
---------------------------------------------------------------------------------
---------------------------------------------------------------------------------
Start Loading Part and Timing Information
---------------------------------------------------------------------------------
Loading part: xczu9eg-ffvb1156-2-e
INFO: [Synth 8-6742] Reading net delay rules and data
---------------------------------------------------------------------------------
Finished Loading Part and Timing Information : Time (s): cpu = 00:00:21 ; elapsed = 00:00:24 . Memory (MB): peak = 3238.695 ; gain = 510.207 ; free physical = 6806 ; free virtual = 18824
Synthesis current peak Physical Memory [PSS] (MB): peak = 2452.487; parent = 2252.623; children = 199.876
Synthesis current peak Virtual Memory [VSS] (MB): peak = 4223.875; parent = 3238.699; children = 985.176
---------------------------------------------------------------------------------
---------------------------------------------------------------------------------
Start Applying 'set_property' XDC Constraints
---------------------------------------------------------------------------------
Applied set_property KEEP_HIERARCHY = SOFT for inst. (constraint file  /media/logictronix/ML_WORKSPACE/Abhidan/Platforms/Workspace/zcu102_dpu_vitis/dpu_system_system_hw_link/Hardware/dpu.build/link/vivado/vpl/prj/prj.runs/design_1_xbar_0_synth_1/dont_touch.xdc, line 9).
---------------------------------------------------------------------------------
Finished applying 'set_property' XDC Constraints : Time (s): cpu = 00:00:21 ; elapsed = 00:00:24 . Memory (MB): peak = 3238.695 ; gain = 510.207 ; free physical = 6815 ; free virtual = 18834
Synthesis current peak Physical Memory [PSS] (MB): peak = 2452.487; parent = 2252.623; children = 199.876
Synthesis current peak Virtual Memory [VSS] (MB): peak = 4223.875; parent = 3238.699; children = 985.176
---------------------------------------------------------------------------------
---------------------------------------------------------------------------------
Finished RTL Optimization Phase 2 : Time (s): cpu = 00:00:22 ; elapsed = 00:00:25 . Memory (MB): peak = 3238.695 ; gain = 510.207 ; free physical = 6796 ; free virtual = 18863
Synthesis current peak Physical Memory [PSS] (MB): peak = 2452.487; parent = 2252.623; children = 199.876
Synthesis current peak Virtual Memory [VSS] (MB): peak = 4223.875; parent = 3238.699; children = 985.176
---------------------------------------------------------------------------------
---------------------------------------------------------------------------------
Start RTL Component Statistics 
---------------------------------------------------------------------------------
Detailed RTL Component Info : 
+---Registers : 
	               72 Bit    Registers := 1     
	               36 Bit    Registers := 2     
	                5 Bit    Registers := 1     
	                3 Bit    Registers := 2     
	                2 Bit    Registers := 2     
	                1 Bit    Registers := 14    
+---Muxes : 
	   2 Input   72 Bit        Muxes := 1     
	   2 Input   36 Bit        Muxes := 2     
	   2 Input    5 Bit        Muxes := 1     
	   2 Input    4 Bit        Muxes := 1     
	   2 Input    3 Bit        Muxes := 1     
	   2 Input    2 Bit        Muxes := 1     
	   2 Input    1 Bit        Muxes := 43    
---------------------------------------------------------------------------------
Finished RTL Component Statistics 
---------------------------------------------------------------------------------
---------------------------------------------------------------------------------
Start Part Resource Summary
---------------------------------------------------------------------------------
Part Resources:
DSPs: 2520 (col length:168)
BRAMs: 1824 (col length: RAMB18 168 RAMB36 84)
---------------------------------------------------------------------------------
Finished Part Resource Summary
---------------------------------------------------------------------------------
---------------------------------------------------------------------------------
Start Cross Boundary and Area Optimization
---------------------------------------------------------------------------------
WARNING: [Synth 8-7080] Parallel synthesis criteria is not met
INFO: [Synth 8-3936] Found unconnected internal register 'gen_sasd.crossbar_sasd_0/reg_slice_r/m_payload_i_reg' and it is trimmed from '36' to '35' bits. [/media/logictronix/ML_WORKSPACE/Abhidan/Platforms/Workspace/zcu102_dpu_vitis/dpu_system_system_hw_link/Hardware/dpu.build/link/vivado/vpl/prj/prj.gen/sources_1/bd/design_1/ipshared/f0b4/hdl/axi_register_slice_v2_1_vl_rfs.v:1731]
WARNING: [Synth 8-7129] Port s_axi_awid[0] in module axi_crossbar_v2_1_28_axi_crossbar is either unconnected or has no load
WARNING: [Synth 8-7129] Port s_axi_awlen[7] in module axi_crossbar_v2_1_28_axi_crossbar is either unconnected or has no load
WARNING: [Synth 8-7129] Port s_axi_awlen[6] in module axi_crossbar_v2_1_28_axi_crossbar is either unconnected or has no load
WARNING: [Synth 8-7129] Port s_axi_awlen[5] in module axi_crossbar_v2_1_28_axi_crossbar is either unconnected or has no load
WARNING: [Synth 8-7129] Port s_axi_awlen[4] in module axi_crossbar_v2_1_28_axi_crossbar is either unconnected or has no load
WARNING: [Synth 8-7129] Port s_axi_awlen[3] in module axi_crossbar_v2_1_28_axi_crossbar is either unconnected or has no load
WARNING: [Synth 8-7129] Port s_axi_awlen[2] in module axi_crossbar_v2_1_28_axi_crossbar is either unconnected or has no load
INFO: [Common 17-14] Message 'Synth 8-7129' appears 100 times and further instances of the messages will be disabled. Use the Tcl command set_msg_config to change the current settings.
---------------------------------------------------------------------------------
Finished Cross Boundary and Area Optimization : Time (s): cpu = 00:00:23 ; elapsed = 00:00:27 . Memory (MB): peak = 3238.695 ; gain = 510.207 ; free physical = 6799 ; free virtual = 18886
Synthesis current peak Physical Memory [PSS] (MB): peak = 2452.487; parent = 2252.623; children = 199.876
Synthesis current peak Virtual Memory [VSS] (MB): peak = 4223.875; parent = 3238.699; children = 985.176
---------------------------------------------------------------------------------
---------------------------------------------------------------------------------
Start Applying XDC Timing Constraints
---------------------------------------------------------------------------------
---------------------------------------------------------------------------------
Finished Applying XDC Timing Constraints : Time (s): cpu = 00:00:34 ; elapsed = 00:00:40 . Memory (MB): peak = 3584.117 ; gain = 855.629 ; free physical = 6165 ; free virtual = 18261
Synthesis current peak Physical Memory [PSS] (MB): peak = 2898.827; parent = 2699.094; children = 199.876
Synthesis current peak Virtual Memory [VSS] (MB): peak = 4569.297; parent = 3584.121; children = 985.176
---------------------------------------------------------------------------------
---------------------------------------------------------------------------------
Start Timing Optimization
---------------------------------------------------------------------------------
---------------------------------------------------------------------------------
Finished Timing Optimization : Time (s): cpu = 00:00:35 ; elapsed = 00:00:41 . Memory (MB): peak = 3612.148 ; gain = 883.660 ; free physical = 6140 ; free virtual = 18236
Synthesis current peak Physical Memory [PSS] (MB): peak = 2909.214; parent = 2709.480; children = 199.876
Synthesis current peak Virtual Memory [VSS] (MB): peak = 4597.328; parent = 3612.152; children = 985.176
---------------------------------------------------------------------------------
---------------------------------------------------------------------------------
Start Technology Mapping
---------------------------------------------------------------------------------
---------------------------------------------------------------------------------
Finished Technology Mapping : Time (s): cpu = 00:00:35 ; elapsed = 00:00:41 . Memory (MB): peak = 3628.164 ; gain = 899.676 ; free physical = 6137 ; free virtual = 18233
Synthesis current peak Physical Memory [PSS] (MB): peak = 2910.128; parent = 2710.395; children = 199.876
Synthesis current peak Virtual Memory [VSS] (MB): peak = 4613.344; parent = 3628.168; children = 985.176
---------------------------------------------------------------------------------
---------------------------------------------------------------------------------
Start IO Insertion
---------------------------------------------------------------------------------
---------------------------------------------------------------------------------
Start Flattening Before IO Insertion
---------------------------------------------------------------------------------
---------------------------------------------------------------------------------
Finished Flattening Before IO Insertion
---------------------------------------------------------------------------------
---------------------------------------------------------------------------------
Start Final Netlist Cleanup
---------------------------------------------------------------------------------
---------------------------------------------------------------------------------
Finished Final Netlist Cleanup
---------------------------------------------------------------------------------
---------------------------------------------------------------------------------
Finished IO Insertion : Time (s): cpu = 00:00:38 ; elapsed = 00:00:45 . Memory (MB): peak = 3628.164 ; gain = 899.676 ; free physical = 6112 ; free virtual = 18208
Synthesis current peak Physical Memory [PSS] (MB): peak = 2910.128; parent = 2710.395; children = 199.876
Synthesis current peak Virtual Memory [VSS] (MB): peak = 4613.344; parent = 3628.168; children = 985.176
---------------------------------------------------------------------------------
---------------------------------------------------------------------------------
Start Renaming Generated Instances
---------------------------------------------------------------------------------
---------------------------------------------------------------------------------
Finished Renaming Generated Instances : Time (s): cpu = 00:00:38 ; elapsed = 00:00:45 . Memory (MB): peak = 3628.164 ; gain = 899.676 ; free physical = 6119 ; free virtual = 18216
Synthesis current peak Physical Memory [PSS] (MB): peak = 2910.128; parent = 2710.395; children = 199.876
Synthesis current peak Virtual Memory [VSS] (MB): peak = 4613.344; parent = 3628.168; children = 985.176
---------------------------------------------------------------------------------
---------------------------------------------------------------------------------
Start Rebuilding User Hierarchy
---------------------------------------------------------------------------------
---------------------------------------------------------------------------------
Finished Rebuilding User Hierarchy : Time (s): cpu = 00:00:38 ; elapsed = 00:00:45 . Memory (MB): peak = 3628.164 ; gain = 899.676 ; free physical = 6117 ; free virtual = 18214
Synthesis current peak Physical Memory [PSS] (MB): peak = 2910.128; parent = 2710.395; children = 199.876
Synthesis current peak Virtual Memory [VSS] (MB): peak = 4613.344; parent = 3628.168; children = 985.176
---------------------------------------------------------------------------------
---------------------------------------------------------------------------------
Start Renaming Generated Ports
---------------------------------------------------------------------------------
---------------------------------------------------------------------------------
Finished Renaming Generated Ports : Time (s): cpu = 00:00:38 ; elapsed = 00:00:45 . Memory (MB): peak = 3628.164 ; gain = 899.676 ; free physical = 6103 ; free virtual = 18199
Synthesis current peak Physical Memory [PSS] (MB): peak = 2910.128; parent = 2710.395; children = 199.876
Synthesis current peak Virtual Memory [VSS] (MB): peak = 4613.344; parent = 3628.168; children = 985.176
---------------------------------------------------------------------------------
---------------------------------------------------------------------------------
Start Handling Custom Attributes
---------------------------------------------------------------------------------
---------------------------------------------------------------------------------
Finished Handling Custom Attributes : Time (s): cpu = 00:00:38 ; elapsed = 00:00:45 . Memory (MB): peak = 3628.164 ; gain = 899.676 ; free physical = 6098 ; free virtual = 18194
Synthesis current peak Physical Memory [PSS] (MB): peak = 2910.128; parent = 2710.395; children = 199.876
Synthesis current peak Virtual Memory [VSS] (MB): peak = 4613.344; parent = 3628.168; children = 985.176
---------------------------------------------------------------------------------
---------------------------------------------------------------------------------
Start Renaming Generated Nets
---------------------------------------------------------------------------------
---------------------------------------------------------------------------------
Finished Renaming Generated Nets : Time (s): cpu = 00:00:39 ; elapsed = 00:00:45 . Memory (MB): peak = 3628.164 ; gain = 899.676 ; free physical = 6109 ; free virtual = 18205
Synthesis current peak Physical Memory [PSS] (MB): peak = 2910.128; parent = 2710.395; children = 199.876
Synthesis current peak Virtual Memory [VSS] (MB): peak = 4613.344; parent = 3628.168; children = 985.176
---------------------------------------------------------------------------------
---------------------------------------------------------------------------------
Start Writing Synthesis Report
---------------------------------------------------------------------------------

Report BlackBoxes: 
+-+--------------+----------+
| |BlackBox name |Instances |
+-+--------------+----------+
+-+--------------+----------+

Report Cell Usage: 
+------+-----+------+
|      |Cell |Count |
+------+-----+------+
|1     |LUT1 |     2|
|2     |LUT2 |    12|
|3     |LUT3 |     9|
|4     |LUT4 |    67|
|5     |LUT5 |    43|
|6     |LUT6 |    78|
|7     |FDRE |   141|
+------+-----+------+
---------------------------------------------------------------------------------
Finished Writing Synthesis Report : Time (s): cpu = 00:00:39 ; elapsed = 00:00:45 . Memory (MB): peak = 3628.164 ; gain = 899.676 ; free physical = 6100 ; free virtual = 18196
Synthesis current peak Physical Memory [PSS] (MB): peak = 2910.128; parent = 2710.395; children = 199.876
Synthesis current peak Virtual Memory [VSS] (MB): peak = 4613.344; parent = 3628.168; children = 985.176
---------------------------------------------------------------------------------
Synthesis finished with 0 errors, 0 critical warnings and 72 warnings.
Synthesis Optimization Runtime : Time (s): cpu = 00:00:32 ; elapsed = 00:00:38 . Memory (MB): peak = 3628.164 ; gain = 826.984 ; free physical = 6164 ; free virtual = 18261
Synthesis Optimization Complete : Time (s): cpu = 00:00:39 ; elapsed = 00:00:45 . Memory (MB): peak = 3628.172 ; gain = 899.676 ; free physical = 6172 ; free virtual = 18268
INFO: [Project 1-571] Translating synthesized netlist
Netlist sorting complete. Time (s): cpu = 00:00:00.01 ; elapsed = 00:00:00.01 . Memory (MB): peak = 3636.164 ; gain = 0.000 ; free physical = 6275 ; free virtual = 18371
INFO: [Project 1-570] Preparing netlist for logic optimization
INFO: [Opt 31-138] Pushed 0 inverter(s) to 0 load pin(s).
Netlist sorting complete. Time (s): cpu = 00:00:00 ; elapsed = 00:00:00 . Memory (MB): peak = 3658.977 ; gain = 0.000 ; free physical = 6199 ; free virtual = 18296
INFO: [Project 1-111] Unisim Transformation Summary:
No Unisim elements were transformed.

Synth Design complete, checksum: 9e19f3d
INFO: [Common 17-83] Releasing license: Synthesis
61 Infos, 105 Warnings, 0 Critical Warnings and 0 Errors encountered.
synth_design completed successfully
synth_design: Time (s): cpu = 00:00:48 ; elapsed = 00:00:57 . Memory (MB): peak = 3658.977 ; gain = 1832.426 ; free physical = 6403 ; free virtual = 18500
INFO: [Common 17-600] The following parameters have non-default value.
general.maxThreads
INFO: [Common 17-1381] The checkpoint '/media/logictronix/ML_WORKSPACE/Abhidan/Platforms/Workspace/zcu102_dpu_vitis/dpu_system_system_hw_link/Hardware/dpu.build/link/vivado/vpl/prj/prj.runs/design_1_xbar_0_synth_1/design_1_xbar_0.dcp' has been generated.
INFO: [Coretcl 2-1648] Added synthesis output to IP cache for IP design_1_xbar_0, cache-ID = 1b3377345c1d5c84
INFO: [Coretcl 2-1174] Renamed 7 cell refs.
INFO: [Common 17-1381] The checkpoint '/media/logictronix/ML_WORKSPACE/Abhidan/Platforms/Workspace/zcu102_dpu_vitis/dpu_system_system_hw_link/Hardware/dpu.build/link/vivado/vpl/prj/prj.runs/design_1_xbar_0_synth_1/design_1_xbar_0.dcp' has been generated.
INFO: [runtcl-4] Executing : report_utilization -file design_1_xbar_0_utilization_synth.rpt -pb design_1_xbar_0_utilization_synth.pb
INFO: [Common 17-206] Exiting Vivado at Fri May 19 13:33:26 2023...
