
*** Running vivado
    with args -log design_1_rst_clk_wiz_599M_0.vds -m64 -product Vivado -mode batch -messageDb vivado.pb -notrace -source design_1_rst_clk_wiz_599M_0.tcl


****** Vivado v2022.2 (64-bit)
  **** SW Build 3671981 on Fri Oct 14 04:59:54 MDT 2022
  **** IP Build 3669848 on Fri Oct 14 08:30:02 MDT 2022
    ** Copyright 1986-2022 Xilinx, Inc. All Rights Reserved.

source design_1_rst_clk_wiz_599M_0.tcl -notrace
INFO: Dispatch client connection id - 44115
create_project: Time (s): cpu = 00:00:07 ; elapsed = 00:00:07 . Memory (MB): peak = 1727.387 ; gain = 86.961 ; free physical = 7158 ; free virtual = 19288
INFO: [IP_Flow 19-234] Refreshing IP repositories
INFO: [IP_Flow 19-1700] Loaded user IP repository '/media/logictronix/ML_WORKSPACE/Abhidan/Platforms/Workspace/zcu102_dpu_vitis/dpu_system_system_hw_link/Hardware/dpu.build/link/int/xo/ip_repo/xilinx_com_RTLKernel_sfm_xrt_top_1_0'.
INFO: [IP_Flow 19-1700] Loaded user IP repository '/media/logictronix/ML_WORKSPACE/Abhidan/Platforms/Workspace/zcu102_dpu_vitis/dpu_system_system_hw_link/Hardware/dpu.build/link/int/xo/ip_repo/xilinx_com_RTLKernel_DPUCZDX8G_1_0'.
INFO: [IP_Flow 19-1700] Loaded user IP repository '/media/logictronix/ML_WORKSPACE/Abhidan/Platforms/Workspace/zcu102_dpu_vitis/dpu_system_system_hw_link/Hardware/dpu.build/link/vivado/vpl/.local/hw_platform/ipcache'.
INFO: [IP_Flow 19-1700] Loaded user IP repository '/media/logictronix/ML_WORKSPACE/Xilinx/Vitis/2022.2/data/ip'.
INFO: [IP_Flow 19-2313] Loaded Vivado IP repository '/media/logictronix/ML_WORKSPACE/Xilinx/Vivado/2022.2/data/ip'.
INFO: [IP_Flow 19-6924] IPCACHE: Running cache check for IP inst: design_1_rst_clk_wiz_599M_0
Command: synth_design -top design_1_rst_clk_wiz_599M_0 -part xczu9eg-ffvb1156-2-e -incremental_mode off -mode out_of_context
Starting synth_design
Attempting to get a license for feature 'Synthesis' and/or device 'xczu9eg'
INFO: [Common 17-349] Got license for feature 'Synthesis' and/or device 'xczu9eg'
INFO: [Device 21-403] Loading part xczu9eg-ffvb1156-2-e
INFO: [Synth 8-7079] Multithreading enabled for synth_design using a maximum of 1 processes.
INFO: [Synth 8-7078] Launching helper process for spawning children vivado processes
INFO: [Synth 8-7075] Helper process launched with PID 12816
INFO: [Synth 8-11241] undeclared symbol 'REGCCE', assumed default net type 'wire' [/media/logictronix/ML_WORKSPACE/Xilinx/Vivado/2022.2/data/verilog/src/unimacro/BRAM_SINGLE_MACRO.v:2170]
---------------------------------------------------------------------------------
Starting RTL Elaboration : Time (s): cpu = 00:00:06 ; elapsed = 00:00:06 . Memory (MB): peak = 2935.777 ; gain = 241.828 ; free physical = 658 ; free virtual = 12843
Synthesis current peak Physical Memory [PSS] (MB): peak = 2159.601; parent = 2020.854; children = 138.747
Synthesis current peak Virtual Memory [VSS] (MB): peak = 3928.961; parent = 2941.719; children = 987.242
---------------------------------------------------------------------------------
INFO: [Synth 8-638] synthesizing module 'design_1_rst_clk_wiz_599M_0' [/media/logictronix/ML_WORKSPACE/Abhidan/Platforms/Workspace/zcu102_dpu_vitis/dpu_system_system_hw_link/Hardware/dpu.build/link/vivado/vpl/prj/prj.gen/sources_1/bd/design_1/ip/design_1_rst_clk_wiz_599M_0/synth/design_1_rst_clk_wiz_599M_0.vhd:74]
	Parameter C_FAMILY bound to: zynquplus - type: string 
	Parameter C_EXT_RST_WIDTH bound to: 4 - type: integer 
	Parameter C_AUX_RST_WIDTH bound to: 4 - type: integer 
	Parameter C_EXT_RESET_HIGH bound to: 1'b1 
	Parameter C_AUX_RESET_HIGH bound to: 1'b0 
	Parameter C_NUM_BUS_RST bound to: 1 - type: integer 
	Parameter C_NUM_PERP_RST bound to: 1 - type: integer 
	Parameter C_NUM_INTERCONNECT_ARESETN bound to: 1 - type: integer 
	Parameter C_NUM_PERP_ARESETN bound to: 1 - type: integer 
INFO: [Synth 8-3491] module 'proc_sys_reset' declared at '/media/logictronix/ML_WORKSPACE/Abhidan/Platforms/Workspace/zcu102_dpu_vitis/dpu_system_system_hw_link/Hardware/dpu.build/link/vivado/vpl/prj/prj.gen/sources_1/bd/design_1/ipshared/8842/hdl/proc_sys_reset_v5_0_vh_rfs.vhd:1264' bound to instance 'U0' of component 'proc_sys_reset' [/media/logictronix/ML_WORKSPACE/Abhidan/Platforms/Workspace/zcu102_dpu_vitis/dpu_system_system_hw_link/Hardware/dpu.build/link/vivado/vpl/prj/prj.gen/sources_1/bd/design_1/ip/design_1_rst_clk_wiz_599M_0/synth/design_1_rst_clk_wiz_599M_0.vhd:129]
INFO: [Synth 8-638] synthesizing module 'proc_sys_reset' [/media/logictronix/ML_WORKSPACE/Abhidan/Platforms/Workspace/zcu102_dpu_vitis/dpu_system_system_hw_link/Hardware/dpu.build/link/vivado/vpl/prj/prj.gen/sources_1/bd/design_1/ipshared/8842/hdl/proc_sys_reset_v5_0_vh_rfs.vhd:1323]
	Parameter INIT bound to: 1'b1 
INFO: [Synth 8-113] binding component instance 'FDRE_inst' to cell 'FDRE' [/media/logictronix/ML_WORKSPACE/Abhidan/Platforms/Workspace/zcu102_dpu_vitis/dpu_system_system_hw_link/Hardware/dpu.build/link/vivado/vpl/prj/prj.gen/sources_1/bd/design_1/ipshared/8842/hdl/proc_sys_reset_v5_0_vh_rfs.vhd:1392]
	Parameter INIT bound to: 1'b1 
INFO: [Synth 8-113] binding component instance 'FDRE_BSR' to cell 'FDRE' [/media/logictronix/ML_WORKSPACE/Abhidan/Platforms/Workspace/zcu102_dpu_vitis/dpu_system_system_hw_link/Hardware/dpu.build/link/vivado/vpl/prj/prj.gen/sources_1/bd/design_1/ipshared/8842/hdl/proc_sys_reset_v5_0_vh_rfs.vhd:1408]
	Parameter INIT bound to: 1'b0 
INFO: [Synth 8-113] binding component instance 'FDRE_BSR_N' to cell 'FDRE' [/media/logictronix/ML_WORKSPACE/Abhidan/Platforms/Workspace/zcu102_dpu_vitis/dpu_system_system_hw_link/Hardware/dpu.build/link/vivado/vpl/prj/prj.gen/sources_1/bd/design_1/ipshared/8842/hdl/proc_sys_reset_v5_0_vh_rfs.vhd:1434]
	Parameter INIT bound to: 1'b1 
INFO: [Synth 8-113] binding component instance 'FDRE_PER' to cell 'FDRE' [/media/logictronix/ML_WORKSPACE/Abhidan/Platforms/Workspace/zcu102_dpu_vitis/dpu_system_system_hw_link/Hardware/dpu.build/link/vivado/vpl/prj/prj.gen/sources_1/bd/design_1/ipshared/8842/hdl/proc_sys_reset_v5_0_vh_rfs.vhd:1457]
	Parameter INIT bound to: 1'b0 
INFO: [Synth 8-113] binding component instance 'FDRE_PER_N' to cell 'FDRE' [/media/logictronix/ML_WORKSPACE/Abhidan/Platforms/Workspace/zcu102_dpu_vitis/dpu_system_system_hw_link/Hardware/dpu.build/link/vivado/vpl/prj/prj.gen/sources_1/bd/design_1/ipshared/8842/hdl/proc_sys_reset_v5_0_vh_rfs.vhd:1481]
INFO: [Synth 8-638] synthesizing module 'lpf' [/media/logictronix/ML_WORKSPACE/Abhidan/Platforms/Workspace/zcu102_dpu_vitis/dpu_system_system_hw_link/Hardware/dpu.build/link/vivado/vpl/prj/prj.gen/sources_1/bd/design_1/ipshared/8842/hdl/proc_sys_reset_v5_0_vh_rfs.vhd:816]
INFO: [Synth 8-3491] module 'SRL16' declared at '/media/logictronix/ML_WORKSPACE/Xilinx/Vivado/2022.2/scripts/rt/data/unisim_comp.v:131628' bound to instance 'POR_SRL_I' of component 'SRL16' [/media/logictronix/ML_WORKSPACE/Abhidan/Platforms/Workspace/zcu102_dpu_vitis/dpu_system_system_hw_link/Hardware/dpu.build/link/vivado/vpl/prj/prj.gen/sources_1/bd/design_1/ipshared/8842/hdl/proc_sys_reset_v5_0_vh_rfs.vhd:868]
INFO: [Synth 8-6157] synthesizing module 'SRL16' [/media/logictronix/ML_WORKSPACE/Xilinx/Vivado/2022.2/scripts/rt/data/unisim_comp.v:131628]
INFO: [Synth 8-6155] done synthesizing module 'SRL16' (0#1) [/media/logictronix/ML_WORKSPACE/Xilinx/Vivado/2022.2/scripts/rt/data/unisim_comp.v:131628]
INFO: [Synth 8-638] synthesizing module 'cdc_sync' [/media/logictronix/ML_WORKSPACE/Abhidan/Platforms/Workspace/zcu102_dpu_vitis/dpu_system_system_hw_link/Hardware/dpu.build/link/vivado/vpl/prj/prj.gen/sources_1/bd/design_1/ipshared/ef1e/hdl/lib_cdc_v1_0_rfs.vhd:106]
	Parameter INIT bound to: 1'b0 
INFO: [Synth 8-113] binding component instance 'CROSS_PLEVEL_IN2SCNDRY_IN_cdc_to' to cell 'FDR' [/media/logictronix/ML_WORKSPACE/Abhidan/Platforms/Workspace/zcu102_dpu_vitis/dpu_system_system_hw_link/Hardware/dpu.build/link/vivado/vpl/prj/prj.gen/sources_1/bd/design_1/ipshared/ef1e/hdl/lib_cdc_v1_0_rfs.vhd:514]
	Parameter INIT bound to: 1'b0 
INFO: [Synth 8-113] binding component instance 'CROSS_PLEVEL_IN2SCNDRY_s_level_out_d2' to cell 'FDR' [/media/logictronix/ML_WORKSPACE/Abhidan/Platforms/Workspace/zcu102_dpu_vitis/dpu_system_system_hw_link/Hardware/dpu.build/link/vivado/vpl/prj/prj.gen/sources_1/bd/design_1/ipshared/ef1e/hdl/lib_cdc_v1_0_rfs.vhd:545]
	Parameter INIT bound to: 1'b0 
INFO: [Synth 8-113] binding component instance 'CROSS_PLEVEL_IN2SCNDRY_s_level_out_d3' to cell 'FDR' [/media/logictronix/ML_WORKSPACE/Abhidan/Platforms/Workspace/zcu102_dpu_vitis/dpu_system_system_hw_link/Hardware/dpu.build/link/vivado/vpl/prj/prj.gen/sources_1/bd/design_1/ipshared/ef1e/hdl/lib_cdc_v1_0_rfs.vhd:554]
	Parameter INIT bound to: 1'b0 
INFO: [Synth 8-113] binding component instance 'CROSS_PLEVEL_IN2SCNDRY_s_level_out_d4' to cell 'FDR' [/media/logictronix/ML_WORKSPACE/Abhidan/Platforms/Workspace/zcu102_dpu_vitis/dpu_system_system_hw_link/Hardware/dpu.build/link/vivado/vpl/prj/prj.gen/sources_1/bd/design_1/ipshared/ef1e/hdl/lib_cdc_v1_0_rfs.vhd:564]
	Parameter INIT bound to: 1'b0 
INFO: [Synth 8-113] binding component instance 'CROSS_PLEVEL_IN2SCNDRY_s_level_out_d5' to cell 'FDR' [/media/logictronix/ML_WORKSPACE/Abhidan/Platforms/Workspace/zcu102_dpu_vitis/dpu_system_system_hw_link/Hardware/dpu.build/link/vivado/vpl/prj/prj.gen/sources_1/bd/design_1/ipshared/ef1e/hdl/lib_cdc_v1_0_rfs.vhd:574]
	Parameter INIT bound to: 1'b0 
INFO: [Synth 8-113] binding component instance 'CROSS_PLEVEL_IN2SCNDRY_s_level_out_d6' to cell 'FDR' [/media/logictronix/ML_WORKSPACE/Abhidan/Platforms/Workspace/zcu102_dpu_vitis/dpu_system_system_hw_link/Hardware/dpu.build/link/vivado/vpl/prj/prj.gen/sources_1/bd/design_1/ipshared/ef1e/hdl/lib_cdc_v1_0_rfs.vhd:584]
INFO: [Synth 8-256] done synthesizing module 'cdc_sync' (0#1) [/media/logictronix/ML_WORKSPACE/Abhidan/Platforms/Workspace/zcu102_dpu_vitis/dpu_system_system_hw_link/Hardware/dpu.build/link/vivado/vpl/prj/prj.gen/sources_1/bd/design_1/ipshared/ef1e/hdl/lib_cdc_v1_0_rfs.vhd:106]
INFO: [Synth 8-256] done synthesizing module 'lpf' (0#1) [/media/logictronix/ML_WORKSPACE/Abhidan/Platforms/Workspace/zcu102_dpu_vitis/dpu_system_system_hw_link/Hardware/dpu.build/link/vivado/vpl/prj/prj.gen/sources_1/bd/design_1/ipshared/8842/hdl/proc_sys_reset_v5_0_vh_rfs.vhd:816]
INFO: [Synth 8-638] synthesizing module 'sequence_psr' [/media/logictronix/ML_WORKSPACE/Abhidan/Platforms/Workspace/zcu102_dpu_vitis/dpu_system_system_hw_link/Hardware/dpu.build/link/vivado/vpl/prj/prj.gen/sources_1/bd/design_1/ipshared/8842/hdl/proc_sys_reset_v5_0_vh_rfs.vhd:301]
INFO: [Synth 8-638] synthesizing module 'upcnt_n' [/media/logictronix/ML_WORKSPACE/Abhidan/Platforms/Workspace/zcu102_dpu_vitis/dpu_system_system_hw_link/Hardware/dpu.build/link/vivado/vpl/prj/prj.gen/sources_1/bd/design_1/ipshared/8842/hdl/proc_sys_reset_v5_0_vh_rfs.vhd:125]
INFO: [Synth 8-256] done synthesizing module 'upcnt_n' (0#1) [/media/logictronix/ML_WORKSPACE/Abhidan/Platforms/Workspace/zcu102_dpu_vitis/dpu_system_system_hw_link/Hardware/dpu.build/link/vivado/vpl/prj/prj.gen/sources_1/bd/design_1/ipshared/8842/hdl/proc_sys_reset_v5_0_vh_rfs.vhd:125]
INFO: [Synth 8-256] done synthesizing module 'sequence_psr' (0#1) [/media/logictronix/ML_WORKSPACE/Abhidan/Platforms/Workspace/zcu102_dpu_vitis/dpu_system_system_hw_link/Hardware/dpu.build/link/vivado/vpl/prj/prj.gen/sources_1/bd/design_1/ipshared/8842/hdl/proc_sys_reset_v5_0_vh_rfs.vhd:301]
INFO: [Synth 8-256] done synthesizing module 'proc_sys_reset' (0#1) [/media/logictronix/ML_WORKSPACE/Abhidan/Platforms/Workspace/zcu102_dpu_vitis/dpu_system_system_hw_link/Hardware/dpu.build/link/vivado/vpl/prj/prj.gen/sources_1/bd/design_1/ipshared/8842/hdl/proc_sys_reset_v5_0_vh_rfs.vhd:1323]
INFO: [Synth 8-256] done synthesizing module 'design_1_rst_clk_wiz_599M_0' (0#1) [/media/logictronix/ML_WORKSPACE/Abhidan/Platforms/Workspace/zcu102_dpu_vitis/dpu_system_system_hw_link/Hardware/dpu.build/link/vivado/vpl/prj/prj.gen/sources_1/bd/design_1/ip/design_1_rst_clk_wiz_599M_0/synth/design_1_rst_clk_wiz_599M_0.vhd:74]
WARNING: [Synth 8-7129] Port prmry_aclk in module cdc_sync is either unconnected or has no load
WARNING: [Synth 8-7129] Port prmry_resetn in module cdc_sync is either unconnected or has no load
WARNING: [Synth 8-7129] Port prmry_vect_in[1] in module cdc_sync is either unconnected or has no load
WARNING: [Synth 8-7129] Port prmry_vect_in[0] in module cdc_sync is either unconnected or has no load
WARNING: [Synth 8-7129] Port scndry_resetn in module cdc_sync is either unconnected or has no load
---------------------------------------------------------------------------------
Finished RTL Elaboration : Time (s): cpu = 00:00:07 ; elapsed = 00:00:08 . Memory (MB): peak = 3008.684 ; gain = 314.734 ; free physical = 491 ; free virtual = 12678
Synthesis current peak Physical Memory [PSS] (MB): peak = 2159.601; parent = 2020.854; children = 138.747
Synthesis current peak Virtual Memory [VSS] (MB): peak = 3995.930; parent = 3008.688; children = 987.242
---------------------------------------------------------------------------------
---------------------------------------------------------------------------------
Start Handling Custom Attributes
---------------------------------------------------------------------------------
---------------------------------------------------------------------------------
Finished Handling Custom Attributes : Time (s): cpu = 00:00:08 ; elapsed = 00:00:08 . Memory (MB): peak = 3023.527 ; gain = 329.578 ; free physical = 484 ; free virtual = 12671
Synthesis current peak Physical Memory [PSS] (MB): peak = 2159.601; parent = 2020.854; children = 138.747
Synthesis current peak Virtual Memory [VSS] (MB): peak = 4010.773; parent = 3023.531; children = 987.242
---------------------------------------------------------------------------------
---------------------------------------------------------------------------------
Finished RTL Optimization Phase 1 : Time (s): cpu = 00:00:08 ; elapsed = 00:00:08 . Memory (MB): peak = 3023.527 ; gain = 329.578 ; free physical = 481 ; free virtual = 12668
Synthesis current peak Physical Memory [PSS] (MB): peak = 2159.601; parent = 2020.854; children = 138.747
Synthesis current peak Virtual Memory [VSS] (MB): peak = 4010.773; parent = 3023.531; children = 987.242
---------------------------------------------------------------------------------
Netlist sorting complete. Time (s): cpu = 00:00:00 ; elapsed = 00:00:00 . Memory (MB): peak = 3037.465 ; gain = 0.000 ; free physical = 468 ; free virtual = 12655
INFO: [Netlist 29-17] Analyzing 13 Unisim elements for replacement
INFO: [Netlist 29-28] Unisim Transformation completed in 0 CPU seconds
INFO: [Project 1-570] Preparing netlist for logic optimization

Processing XDC Constraints
Initializing timing engine
Parsing XDC File [/media/logictronix/ML_WORKSPACE/Abhidan/Platforms/Workspace/zcu102_dpu_vitis/dpu_system_system_hw_link/Hardware/dpu.build/link/vivado/vpl/prj/prj.gen/sources_1/bd/design_1/ip/design_1_rst_clk_wiz_599M_0/design_1_rst_clk_wiz_599M_0_ooc.xdc] for cell 'U0'
create_clock: Time (s): cpu = 00:00:05 ; elapsed = 00:00:05 . Memory (MB): peak = 3141.250 ; gain = 0.000 ; free physical = 527 ; free virtual = 12714
Finished Parsing XDC File [/media/logictronix/ML_WORKSPACE/Abhidan/Platforms/Workspace/zcu102_dpu_vitis/dpu_system_system_hw_link/Hardware/dpu.build/link/vivado/vpl/prj/prj.gen/sources_1/bd/design_1/ip/design_1_rst_clk_wiz_599M_0/design_1_rst_clk_wiz_599M_0_ooc.xdc] for cell 'U0'
Parsing XDC File [/media/logictronix/ML_WORKSPACE/Abhidan/Platforms/Workspace/zcu102_dpu_vitis/dpu_system_system_hw_link/Hardware/dpu.build/link/vivado/vpl/prj/prj.gen/sources_1/bd/design_1/ip/design_1_rst_clk_wiz_599M_0/design_1_rst_clk_wiz_599M_0_board.xdc] for cell 'U0'
Finished Parsing XDC File [/media/logictronix/ML_WORKSPACE/Abhidan/Platforms/Workspace/zcu102_dpu_vitis/dpu_system_system_hw_link/Hardware/dpu.build/link/vivado/vpl/prj/prj.gen/sources_1/bd/design_1/ip/design_1_rst_clk_wiz_599M_0/design_1_rst_clk_wiz_599M_0_board.xdc] for cell 'U0'
Parsing XDC File [/media/logictronix/ML_WORKSPACE/Abhidan/Platforms/Workspace/zcu102_dpu_vitis/dpu_system_system_hw_link/Hardware/dpu.build/link/vivado/vpl/prj/prj.gen/sources_1/bd/design_1/ip/design_1_rst_clk_wiz_599M_0/design_1_rst_clk_wiz_599M_0.xdc] for cell 'U0'
Finished Parsing XDC File [/media/logictronix/ML_WORKSPACE/Abhidan/Platforms/Workspace/zcu102_dpu_vitis/dpu_system_system_hw_link/Hardware/dpu.build/link/vivado/vpl/prj/prj.gen/sources_1/bd/design_1/ip/design_1_rst_clk_wiz_599M_0/design_1_rst_clk_wiz_599M_0.xdc] for cell 'U0'
Parsing XDC File [/media/logictronix/ML_WORKSPACE/Abhidan/Platforms/Workspace/zcu102_dpu_vitis/dpu_system_system_hw_link/Hardware/dpu.build/link/vivado/vpl/prj/prj.runs/design_1_rst_clk_wiz_599M_0_synth_1/dont_touch.xdc]
Finished Parsing XDC File [/media/logictronix/ML_WORKSPACE/Abhidan/Platforms/Workspace/zcu102_dpu_vitis/dpu_system_system_hw_link/Hardware/dpu.build/link/vivado/vpl/prj/prj.runs/design_1_rst_clk_wiz_599M_0_synth_1/dont_touch.xdc]
Completed Processing XDC Constraints

Netlist sorting complete. Time (s): cpu = 00:00:00 ; elapsed = 00:00:00 . Memory (MB): peak = 3141.250 ; gain = 0.000 ; free physical = 526 ; free virtual = 12714
INFO: [Project 1-111] Unisim Transformation Summary:
  A total of 13 instances were transformed.
  FDR => FDRE: 12 instances
  SRL16 => SRL16E: 1 instance 

Constraint Validation Runtime : Time (s): cpu = 00:00:00 ; elapsed = 00:00:00.01 . Memory (MB): peak = 3141.250 ; gain = 0.000 ; free physical = 524 ; free virtual = 12711
INFO: [Designutils 20-5008] Incremental synthesis strategy off
INFO: [Synth 8-11241] undeclared symbol 'REGCCE', assumed default net type 'wire' [/media/logictronix/ML_WORKSPACE/Xilinx/Vivado/2022.2/data/verilog/src/unimacro/BRAM_SINGLE_MACRO.v:2170]
---------------------------------------------------------------------------------
Finished Constraint Validation : Time (s): cpu = 00:00:20 ; elapsed = 00:00:21 . Memory (MB): peak = 3141.250 ; gain = 447.301 ; free physical = 303 ; free virtual = 12501
Synthesis current peak Physical Memory [PSS] (MB): peak = 2159.601; parent = 2020.854; children = 138.747
Synthesis current peak Virtual Memory [VSS] (MB): peak = 4128.496; parent = 3141.254; children = 987.242
---------------------------------------------------------------------------------
---------------------------------------------------------------------------------
Start Loading Part and Timing Information
---------------------------------------------------------------------------------
Loading part: xczu9eg-ffvb1156-2-e
INFO: [Synth 8-6742] Reading net delay rules and data
---------------------------------------------------------------------------------
Finished Loading Part and Timing Information : Time (s): cpu = 00:00:20 ; elapsed = 00:00:21 . Memory (MB): peak = 3141.250 ; gain = 447.301 ; free physical = 293 ; free virtual = 12491
Synthesis current peak Physical Memory [PSS] (MB): peak = 2159.601; parent = 2020.854; children = 138.747
Synthesis current peak Virtual Memory [VSS] (MB): peak = 4128.496; parent = 3141.254; children = 987.242
---------------------------------------------------------------------------------
---------------------------------------------------------------------------------
Start Applying 'set_property' XDC Constraints
---------------------------------------------------------------------------------
Applied set_property KEEP_HIERARCHY = SOFT for U0. (constraint file  /media/logictronix/ML_WORKSPACE/Abhidan/Platforms/Workspace/zcu102_dpu_vitis/dpu_system_system_hw_link/Hardware/dpu.build/link/vivado/vpl/prj/prj.runs/design_1_rst_clk_wiz_599M_0_synth_1/dont_touch.xdc, line 9).
---------------------------------------------------------------------------------
Finished applying 'set_property' XDC Constraints : Time (s): cpu = 00:00:20 ; elapsed = 00:00:21 . Memory (MB): peak = 3141.250 ; gain = 447.301 ; free physical = 286 ; free virtual = 12484
Synthesis current peak Physical Memory [PSS] (MB): peak = 2159.601; parent = 2020.854; children = 138.747
Synthesis current peak Virtual Memory [VSS] (MB): peak = 4128.496; parent = 3141.254; children = 987.242
---------------------------------------------------------------------------------
---------------------------------------------------------------------------------
Finished RTL Optimization Phase 2 : Time (s): cpu = 00:00:20 ; elapsed = 00:00:22 . Memory (MB): peak = 3141.250 ; gain = 447.301 ; free physical = 208 ; free virtual = 12407
Synthesis current peak Physical Memory [PSS] (MB): peak = 2159.601; parent = 2020.854; children = 138.747
Synthesis current peak Virtual Memory [VSS] (MB): peak = 4128.496; parent = 3141.254; children = 987.242
---------------------------------------------------------------------------------
---------------------------------------------------------------------------------
Start RTL Component Statistics 
---------------------------------------------------------------------------------
Detailed RTL Component Info : 
+---Adders : 
	   2 Input    6 Bit       Adders := 1     
+---Registers : 
	                6 Bit    Registers := 1     
	                3 Bit    Registers := 3     
	                1 Bit    Registers := 8     
+---Muxes : 
	   2 Input    6 Bit        Muxes := 1     
	   2 Input    1 Bit        Muxes := 1     
---------------------------------------------------------------------------------
Finished RTL Component Statistics 
---------------------------------------------------------------------------------
---------------------------------------------------------------------------------
Start Part Resource Summary
---------------------------------------------------------------------------------
Part Resources:
DSPs: 2520 (col length:168)
BRAMs: 1824 (col length: RAMB18 168 RAMB36 84)
---------------------------------------------------------------------------------
Finished Part Resource Summary
---------------------------------------------------------------------------------
---------------------------------------------------------------------------------
Start Cross Boundary and Area Optimization
---------------------------------------------------------------------------------
WARNING: [Synth 8-7080] Parallel synthesis criteria is not met
WARNING: [Synth 8-3332] Sequential element (EXT_LPF/ACTIVE_HIGH_EXT.ACT_HI_EXT/GENERATE_LEVEL_P_S_CDC.SINGLE_BIT.CROSS_PLEVEL_IN2SCNDRY_s_level_out_d5) is unused and will be removed from module proc_sys_reset.
WARNING: [Synth 8-3332] Sequential element (EXT_LPF/ACTIVE_HIGH_EXT.ACT_HI_EXT/GENERATE_LEVEL_P_S_CDC.SINGLE_BIT.CROSS_PLEVEL_IN2SCNDRY_s_level_out_d6) is unused and will be removed from module proc_sys_reset.
WARNING: [Synth 8-3332] Sequential element (EXT_LPF/ACTIVE_LOW_AUX.ACT_LO_AUX/GENERATE_LEVEL_P_S_CDC.SINGLE_BIT.CROSS_PLEVEL_IN2SCNDRY_s_level_out_d5) is unused and will be removed from module proc_sys_reset.
WARNING: [Synth 8-3332] Sequential element (EXT_LPF/ACTIVE_LOW_AUX.ACT_LO_AUX/GENERATE_LEVEL_P_S_CDC.SINGLE_BIT.CROSS_PLEVEL_IN2SCNDRY_s_level_out_d6) is unused and will be removed from module proc_sys_reset.
---------------------------------------------------------------------------------
Finished Cross Boundary and Area Optimization : Time (s): cpu = 00:00:21 ; elapsed = 00:00:23 . Memory (MB): peak = 3141.250 ; gain = 447.301 ; free physical = 342 ; free virtual = 12546
Synthesis current peak Physical Memory [PSS] (MB): peak = 2159.601; parent = 2020.854; children = 138.747
Synthesis current peak Virtual Memory [VSS] (MB): peak = 4128.496; parent = 3141.254; children = 987.242
---------------------------------------------------------------------------------
---------------------------------------------------------------------------------
Start Applying XDC Timing Constraints
---------------------------------------------------------------------------------
---------------------------------------------------------------------------------
Finished Applying XDC Timing Constraints : Time (s): cpu = 00:00:34 ; elapsed = 00:00:37 . Memory (MB): peak = 3540.711 ; gain = 846.762 ; free physical = 157 ; free virtual = 10237
Synthesis current peak Physical Memory [PSS] (MB): peak = 2658.435; parent = 2533.571; children = 138.747
Synthesis current peak Virtual Memory [VSS] (MB): peak = 4527.957; parent = 3540.715; children = 987.242
---------------------------------------------------------------------------------
---------------------------------------------------------------------------------
Start Timing Optimization
---------------------------------------------------------------------------------
---------------------------------------------------------------------------------
Finished Timing Optimization : Time (s): cpu = 00:00:34 ; elapsed = 00:00:37 . Memory (MB): peak = 3540.711 ; gain = 846.762 ; free physical = 156 ; free virtual = 10237
Synthesis current peak Physical Memory [PSS] (MB): peak = 2658.647; parent = 2533.784; children = 138.747
Synthesis current peak Virtual Memory [VSS] (MB): peak = 4527.957; parent = 3540.715; children = 987.242
---------------------------------------------------------------------------------
---------------------------------------------------------------------------------
Start Technology Mapping
---------------------------------------------------------------------------------
---------------------------------------------------------------------------------
Finished Technology Mapping : Time (s): cpu = 00:00:34 ; elapsed = 00:00:37 . Memory (MB): peak = 3569.758 ; gain = 875.809 ; free physical = 155 ; free virtual = 10230
Synthesis current peak Physical Memory [PSS] (MB): peak = 2658.893; parent = 2534.029; children = 138.747
Synthesis current peak Virtual Memory [VSS] (MB): peak = 4557.004; parent = 3569.762; children = 987.242
---------------------------------------------------------------------------------
---------------------------------------------------------------------------------
Start IO Insertion
---------------------------------------------------------------------------------
---------------------------------------------------------------------------------
Start Flattening Before IO Insertion
---------------------------------------------------------------------------------
---------------------------------------------------------------------------------
Finished Flattening Before IO Insertion
---------------------------------------------------------------------------------
---------------------------------------------------------------------------------
Start Final Netlist Cleanup
---------------------------------------------------------------------------------
---------------------------------------------------------------------------------
Finished Final Netlist Cleanup
---------------------------------------------------------------------------------
---------------------------------------------------------------------------------
Finished IO Insertion : Time (s): cpu = 00:00:37 ; elapsed = 00:00:41 . Memory (MB): peak = 3569.758 ; gain = 875.809 ; free physical = 189 ; free virtual = 10263
Synthesis current peak Physical Memory [PSS] (MB): peak = 2658.893; parent = 2534.029; children = 138.747
Synthesis current peak Virtual Memory [VSS] (MB): peak = 4557.004; parent = 3569.762; children = 987.242
---------------------------------------------------------------------------------
---------------------------------------------------------------------------------
Start Renaming Generated Instances
---------------------------------------------------------------------------------
---------------------------------------------------------------------------------
Finished Renaming Generated Instances : Time (s): cpu = 00:00:37 ; elapsed = 00:00:41 . Memory (MB): peak = 3569.758 ; gain = 875.809 ; free physical = 170 ; free virtual = 10245
Synthesis current peak Physical Memory [PSS] (MB): peak = 2658.893; parent = 2534.029; children = 138.747
Synthesis current peak Virtual Memory [VSS] (MB): peak = 4557.004; parent = 3569.762; children = 987.242
---------------------------------------------------------------------------------
---------------------------------------------------------------------------------
Start Rebuilding User Hierarchy
---------------------------------------------------------------------------------
---------------------------------------------------------------------------------
Finished Rebuilding User Hierarchy : Time (s): cpu = 00:00:37 ; elapsed = 00:00:41 . Memory (MB): peak = 3569.758 ; gain = 875.809 ; free physical = 168 ; free virtual = 10244
Synthesis current peak Physical Memory [PSS] (MB): peak = 2658.893; parent = 2534.029; children = 138.747
Synthesis current peak Virtual Memory [VSS] (MB): peak = 4557.004; parent = 3569.762; children = 987.242
---------------------------------------------------------------------------------
---------------------------------------------------------------------------------
Start Renaming Generated Ports
---------------------------------------------------------------------------------
---------------------------------------------------------------------------------
Finished Renaming Generated Ports : Time (s): cpu = 00:00:37 ; elapsed = 00:00:41 . Memory (MB): peak = 3569.758 ; gain = 875.809 ; free physical = 167 ; free virtual = 10243
Synthesis current peak Physical Memory [PSS] (MB): peak = 2658.893; parent = 2534.029; children = 138.747
Synthesis current peak Virtual Memory [VSS] (MB): peak = 4557.004; parent = 3569.762; children = 987.242
---------------------------------------------------------------------------------
---------------------------------------------------------------------------------
Start Handling Custom Attributes
---------------------------------------------------------------------------------
---------------------------------------------------------------------------------
Finished Handling Custom Attributes : Time (s): cpu = 00:00:37 ; elapsed = 00:00:41 . Memory (MB): peak = 3569.758 ; gain = 875.809 ; free physical = 160 ; free virtual = 10237
Synthesis current peak Physical Memory [PSS] (MB): peak = 2658.893; parent = 2534.029; children = 138.747
Synthesis current peak Virtual Memory [VSS] (MB): peak = 4557.004; parent = 3569.762; children = 987.242
---------------------------------------------------------------------------------
---------------------------------------------------------------------------------
Start Renaming Generated Nets
---------------------------------------------------------------------------------
---------------------------------------------------------------------------------
Finished Renaming Generated Nets : Time (s): cpu = 00:00:37 ; elapsed = 00:00:41 . Memory (MB): peak = 3569.758 ; gain = 875.809 ; free physical = 156 ; free virtual = 10233
Synthesis current peak Physical Memory [PSS] (MB): peak = 2658.896; parent = 2534.036; children = 138.747
Synthesis current peak Virtual Memory [VSS] (MB): peak = 4557.004; parent = 3569.762; children = 987.242
---------------------------------------------------------------------------------
---------------------------------------------------------------------------------
Start Writing Synthesis Report
---------------------------------------------------------------------------------

Report BlackBoxes: 
+-+--------------+----------+
| |BlackBox name |Instances |
+-+--------------+----------+
+-+--------------+----------+

Report Cell Usage: 
+------+------+------+
|      |Cell  |Count |
+------+------+------+
|1     |LUT1  |     5|
|2     |LUT2  |     9|
|3     |LUT3  |     1|
|4     |LUT4  |     6|
|5     |LUT5  |     3|
|6     |LUT6  |     1|
|7     |SRL16 |     1|
|8     |FDR   |     8|
|9     |FDRE  |    28|
|10    |FDSE  |     4|
+------+------+------+
---------------------------------------------------------------------------------
Finished Writing Synthesis Report : Time (s): cpu = 00:00:37 ; elapsed = 00:00:42 . Memory (MB): peak = 3569.758 ; gain = 875.809 ; free physical = 151 ; free virtual = 10230
Synthesis current peak Physical Memory [PSS] (MB): peak = 2658.940; parent = 2534.081; children = 138.747
Synthesis current peak Virtual Memory [VSS] (MB): peak = 4557.004; parent = 3569.762; children = 987.242
---------------------------------------------------------------------------------
Synthesis finished with 0 errors, 0 critical warnings and 5 warnings.
Synthesis Optimization Runtime : Time (s): cpu = 00:00:30 ; elapsed = 00:00:34 . Memory (MB): peak = 3569.758 ; gain = 758.086 ; free physical = 168 ; free virtual = 10250
Synthesis Optimization Complete : Time (s): cpu = 00:00:37 ; elapsed = 00:00:42 . Memory (MB): peak = 3569.766 ; gain = 875.809 ; free physical = 172 ; free virtual = 10255
INFO: [Project 1-571] Translating synthesized netlist
Netlist sorting complete. Time (s): cpu = 00:00:00 ; elapsed = 00:00:00 . Memory (MB): peak = 3569.766 ; gain = 0.000 ; free physical = 146 ; free virtual = 10233
INFO: [Netlist 29-17] Analyzing 9 Unisim elements for replacement
INFO: [Netlist 29-28] Unisim Transformation completed in 0 CPU seconds
INFO: [Project 1-570] Preparing netlist for logic optimization
INFO: [Opt 31-138] Pushed 0 inverter(s) to 0 load pin(s).
Netlist sorting complete. Time (s): cpu = 00:00:00 ; elapsed = 00:00:00 . Memory (MB): peak = 3607.414 ; gain = 0.000 ; free physical = 168 ; free virtual = 10012
INFO: [Project 1-111] Unisim Transformation Summary:
  A total of 9 instances were transformed.
  FDR => FDRE: 8 instances
  SRL16 => SRL16E: 1 instance 

Synth Design complete, checksum: ba927f6a
INFO: [Common 17-83] Releasing license: Synthesis
54 Infos, 10 Warnings, 0 Critical Warnings and 0 Errors encountered.
synth_design completed successfully
synth_design: Time (s): cpu = 00:00:45 ; elapsed = 00:00:51 . Memory (MB): peak = 3607.414 ; gain = 1807.402 ; free physical = 752 ; free virtual = 10599
INFO: [Common 17-600] The following parameters have non-default value.
general.maxThreads
INFO: [Common 17-1381] The checkpoint '/media/logictronix/ML_WORKSPACE/Abhidan/Platforms/Workspace/zcu102_dpu_vitis/dpu_system_system_hw_link/Hardware/dpu.build/link/vivado/vpl/prj/prj.runs/design_1_rst_clk_wiz_599M_0_synth_1/design_1_rst_clk_wiz_599M_0.dcp' has been generated.
INFO: [Coretcl 2-1648] Added synthesis output to IP cache for IP design_1_rst_clk_wiz_599M_0, cache-ID = 0a47a1e3d38a01c3
INFO: [Coretcl 2-1174] Renamed 6 cell refs.
INFO: [Common 17-1381] The checkpoint '/media/logictronix/ML_WORKSPACE/Abhidan/Platforms/Workspace/zcu102_dpu_vitis/dpu_system_system_hw_link/Hardware/dpu.build/link/vivado/vpl/prj/prj.runs/design_1_rst_clk_wiz_599M_0_synth_1/design_1_rst_clk_wiz_599M_0.dcp' has been generated.
INFO: [runtcl-4] Executing : report_utilization -file design_1_rst_clk_wiz_599M_0_utilization_synth.rpt -pb design_1_rst_clk_wiz_599M_0_utilization_synth.pb
INFO: [Common 17-206] Exiting Vivado at Fri May 19 13:29:31 2023...
